2023-02-18 08:25:04.227 | INFO     | core.scheduler:timetable:254 - > Generation #1, Number of conflicts #14
2023-02-18 08:25:04.429 | INFO     | core.scheduler:timetable:254 - > Generation #2, Number of conflicts #14
2023-02-18 08:25:04.612 | INFO     | core.scheduler:timetable:254 - > Generation #3, Number of conflicts #11
2023-02-18 08:25:04.811 | INFO     | core.scheduler:timetable:254 - > Generation #4, Number of conflicts #11
2023-02-18 08:25:05.006 | INFO     | core.scheduler:timetable:254 - > Generation #5, Number of conflicts #11
2023-02-18 08:25:05.214 | INFO     | core.scheduler:timetable:254 - > Generation #6, Number of conflicts #11
2023-02-18 08:25:05.462 | INFO     | core.scheduler:timetable:254 - > Generation #7, Number of conflicts #10
2023-02-18 08:25:05.648 | INFO     | core.scheduler:timetable:254 - > Generation #8, Number of conflicts #10
2023-02-18 08:25:05.832 | INFO     | core.scheduler:timetable:254 - > Generation #9, Number of conflicts #10
2023-02-18 08:25:06.019 | INFO     | core.scheduler:timetable:254 - > Generation #10, Number of conflicts #10
2023-02-18 08:25:06.233 | INFO     | core.scheduler:timetable:254 - > Generation #11, Number of conflicts #10
2023-02-18 08:25:06.410 | INFO     | core.scheduler:timetable:254 - > Generation #12, Number of conflicts #10
2023-02-18 08:25:06.590 | INFO     | core.scheduler:timetable:254 - > Generation #13, Number of conflicts #10
2023-02-18 08:25:06.782 | INFO     | core.scheduler:timetable:254 - > Generation #14, Number of conflicts #10
2023-02-18 08:25:06.978 | INFO     | core.scheduler:timetable:254 - > Generation #15, Number of conflicts #10
2023-02-18 08:25:07.160 | INFO     | core.scheduler:timetable:254 - > Generation #16, Number of conflicts #7
2023-02-18 08:25:07.343 | INFO     | core.scheduler:timetable:254 - > Generation #17, Number of conflicts #7
2023-02-18 08:25:07.529 | INFO     | core.scheduler:timetable:254 - > Generation #18, Number of conflicts #7
2023-02-18 08:25:07.710 | INFO     | core.scheduler:timetable:254 - > Generation #19, Number of conflicts #7
2023-02-18 08:25:07.884 | INFO     | core.scheduler:timetable:254 - > Generation #20, Number of conflicts #7
2023-02-18 08:25:08.059 | INFO     | core.scheduler:timetable:254 - > Generation #21, Number of conflicts #7
2023-02-18 08:25:08.248 | INFO     | core.scheduler:timetable:254 - > Generation #22, Number of conflicts #6
2023-02-18 08:25:08.476 | INFO     | core.scheduler:timetable:254 - > Generation #23, Number of conflicts #6
2023-02-18 08:25:08.652 | INFO     | core.scheduler:timetable:254 - > Generation #24, Number of conflicts #6
2023-02-18 08:25:08.839 | INFO     | core.scheduler:timetable:254 - > Generation #25, Number of conflicts #6
2023-02-18 08:25:09.018 | INFO     | core.scheduler:timetable:254 - > Generation #26, Number of conflicts #5
2023-02-18 08:25:09.199 | INFO     | core.scheduler:timetable:254 - > Generation #27, Number of conflicts #5
2023-02-18 08:25:09.380 | INFO     | core.scheduler:timetable:254 - > Generation #28, Number of conflicts #5
2023-02-18 08:25:09.554 | INFO     | core.scheduler:timetable:254 - > Generation #29, Number of conflicts #5
2023-02-18 08:25:09.742 | INFO     | core.scheduler:timetable:254 - > Generation #30, Number of conflicts #5
2023-02-18 08:25:09.917 | INFO     | core.scheduler:timetable:254 - > Generation #31, Number of conflicts #5
2023-02-18 08:25:10.094 | INFO     | core.scheduler:timetable:254 - > Generation #32, Number of conflicts #5
2023-02-18 08:25:10.269 | INFO     | core.scheduler:timetable:254 - > Generation #33, Number of conflicts #5
2023-02-18 08:25:10.453 | INFO     | core.scheduler:timetable:254 - > Generation #34, Number of conflicts #4
2023-02-18 08:25:10.637 | INFO     | core.scheduler:timetable:254 - > Generation #35, Number of conflicts #3
2023-02-18 08:25:10.813 | INFO     | core.scheduler:timetable:254 - > Generation #36, Number of conflicts #3
2023-02-18 08:25:10.983 | INFO     | core.scheduler:timetable:254 - > Generation #37, Number of conflicts #3
2023-02-18 08:25:11.168 | INFO     | core.scheduler:timetable:254 - > Generation #38, Number of conflicts #3
2023-02-18 08:25:11.390 | INFO     | core.scheduler:timetable:254 - > Generation #39, Number of conflicts #3
2023-02-18 08:25:11.566 | INFO     | core.scheduler:timetable:254 - > Generation #40, Number of conflicts #3
2023-02-18 08:25:11.740 | INFO     | core.scheduler:timetable:254 - > Generation #41, Number of conflicts #3
2023-02-18 08:25:11.928 | INFO     | core.scheduler:timetable:254 - > Generation #42, Number of conflicts #2
2023-02-18 08:25:12.098 | INFO     | core.scheduler:timetable:254 - > Generation #43, Number of conflicts #2
2023-02-18 08:25:12.270 | INFO     | core.scheduler:timetable:254 - > Generation #44, Number of conflicts #2
2023-02-18 08:25:12.520 | INFO     | core.scheduler:timetable:254 - > Generation #45, Number of conflicts #2
2023-02-18 08:25:12.718 | INFO     | core.scheduler:timetable:254 - > Generation #46, Number of conflicts #2
2023-02-18 08:25:12.893 | INFO     | core.scheduler:timetable:254 - > Generation #47, Number of conflicts #1
2023-02-18 08:25:13.075 | INFO     | core.scheduler:timetable:254 - > Generation #48, Number of conflicts #1
2023-02-18 08:25:13.247 | INFO     | core.scheduler:timetable:254 - > Generation #49, Number of conflicts #1
2023-02-18 08:25:13.431 | INFO     | core.scheduler:timetable:254 - > Generation #50, Number of conflicts #1
2023-02-18 08:25:13.610 | INFO     | core.scheduler:timetable:254 - > Generation #51, Number of conflicts #1
2023-02-18 08:25:13.782 | INFO     | core.scheduler:timetable:254 - > Generation #52, Number of conflicts #1
2023-02-18 08:25:13.959 | INFO     | core.scheduler:timetable:254 - > Generation #53, Number of conflicts #1
2023-02-18 08:25:14.142 | INFO     | core.scheduler:timetable:254 - > Generation #54, Number of conflicts #1
2023-02-18 08:25:14.315 | INFO     | core.scheduler:timetable:254 - > Generation #55, Number of conflicts #0
2023-02-18 08:25:14.341 | INFO     | core.scheduler:timetable:280 - > Schedule #6A, Number of conflicts #0 
   Room          2         3          4         5          6          7
1   6A             Hoa_Ho01  Sinh_Si01  The_Th01   Tin_Ti01    Ly_Ly01
2   6A  Sinh_Si01  Tin_Ti01    Ly_Ly01  Van_Va01    Su_Su01  Toan_To01
3   6A  Toan_To01  Van_Va01   Dia_Di01   CN_To01  GDCD_GD01   Van_Va01
4   6A    Ly_Ly01  Van_Va01  Toan_To01  Anh_An01   Hoa_Ho01   The_Th01
5   6A   Anh_An01            Toan_To01             Hoa_Ho01           
2023-02-18 08:25:14.592 | INFO     | core.scheduler:timetable:254 - > Generation #1, Number of conflicts #14
2023-02-18 08:25:14.762 | INFO     | core.scheduler:timetable:254 - > Generation #2, Number of conflicts #12
2023-02-18 08:25:14.954 | INFO     | core.scheduler:timetable:254 - > Generation #3, Number of conflicts #12
2023-02-18 08:25:15.129 | INFO     | core.scheduler:timetable:254 - > Generation #4, Number of conflicts #12
2023-02-18 08:25:15.303 | INFO     | core.scheduler:timetable:254 - > Generation #5, Number of conflicts #12
2023-02-18 08:25:15.486 | INFO     | core.scheduler:timetable:254 - > Generation #6, Number of conflicts #12
2023-02-18 08:25:15.676 | INFO     | core.scheduler:timetable:254 - > Generation #7, Number of conflicts #9
2023-02-18 08:25:15.846 | INFO     | core.scheduler:timetable:254 - > Generation #8, Number of conflicts #9
2023-02-18 08:25:16.024 | INFO     | core.scheduler:timetable:254 - > Generation #9, Number of conflicts #9
2023-02-18 08:25:16.201 | INFO     | core.scheduler:timetable:254 - > Generation #10, Number of conflicts #9
2023-02-18 08:25:16.386 | INFO     | core.scheduler:timetable:254 - > Generation #11, Number of conflicts #9
2023-02-18 08:25:16.564 | INFO     | core.scheduler:timetable:254 - > Generation #12, Number of conflicts #9
2023-02-18 08:25:16.742 | INFO     | core.scheduler:timetable:254 - > Generation #13, Number of conflicts #9
2023-02-18 08:25:16.919 | INFO     | core.scheduler:timetable:254 - > Generation #14, Number of conflicts #9
2023-02-18 08:25:17.107 | INFO     | core.scheduler:timetable:254 - > Generation #15, Number of conflicts #9
2023-02-18 08:25:17.292 | INFO     | core.scheduler:timetable:254 - > Generation #16, Number of conflicts #7
2023-02-18 08:25:17.462 | INFO     | core.scheduler:timetable:254 - > Generation #17, Number of conflicts #7
2023-02-18 08:25:17.646 | INFO     | core.scheduler:timetable:254 - > Generation #18, Number of conflicts #7
2023-02-18 08:25:17.826 | INFO     | core.scheduler:timetable:254 - > Generation #19, Number of conflicts #7
2023-02-18 08:25:18.012 | INFO     | core.scheduler:timetable:254 - > Generation #20, Number of conflicts #5
2023-02-18 08:25:18.187 | INFO     | core.scheduler:timetable:254 - > Generation #21, Number of conflicts #5
2023-02-18 08:25:18.359 | INFO     | core.scheduler:timetable:254 - > Generation #22, Number of conflicts #4
2023-02-18 08:25:18.538 | INFO     | core.scheduler:timetable:254 - > Generation #23, Number of conflicts #4
2023-02-18 08:25:18.738 | INFO     | core.scheduler:timetable:254 - > Generation #24, Number of conflicts #4
2023-02-18 08:25:18.908 | INFO     | core.scheduler:timetable:254 - > Generation #25, Number of conflicts #4
2023-02-18 08:25:19.084 | INFO     | core.scheduler:timetable:254 - > Generation #26, Number of conflicts #4
2023-02-18 08:25:19.259 | INFO     | core.scheduler:timetable:254 - > Generation #27, Number of conflicts #4
2023-02-18 08:25:19.442 | INFO     | core.scheduler:timetable:254 - > Generation #28, Number of conflicts #4
2023-02-18 08:25:19.620 | INFO     | core.scheduler:timetable:254 - > Generation #29, Number of conflicts #3
2023-02-18 08:25:19.795 | INFO     | core.scheduler:timetable:254 - > Generation #30, Number of conflicts #3
2023-02-18 08:25:19.970 | INFO     | core.scheduler:timetable:254 - > Generation #31, Number of conflicts #3
2023-02-18 08:25:20.159 | INFO     | core.scheduler:timetable:254 - > Generation #32, Number of conflicts #3
2023-02-18 08:25:20.335 | INFO     | core.scheduler:timetable:254 - > Generation #33, Number of conflicts #3
2023-02-18 08:25:20.508 | INFO     | core.scheduler:timetable:254 - > Generation #34, Number of conflicts #3
2023-02-18 08:25:20.684 | INFO     | core.scheduler:timetable:254 - > Generation #35, Number of conflicts #3
2023-02-18 08:25:20.868 | INFO     | core.scheduler:timetable:254 - > Generation #36, Number of conflicts #3
2023-02-18 08:25:21.044 | INFO     | core.scheduler:timetable:254 - > Generation #37, Number of conflicts #3
2023-02-18 08:25:21.217 | INFO     | core.scheduler:timetable:254 - > Generation #38, Number of conflicts #3
2023-02-18 08:25:21.389 | INFO     | core.scheduler:timetable:254 - > Generation #39, Number of conflicts #2
2023-02-18 08:25:21.561 | INFO     | core.scheduler:timetable:254 - > Generation #40, Number of conflicts #2
2023-02-18 08:25:21.783 | INFO     | core.scheduler:timetable:254 - > Generation #41, Number of conflicts #2
2023-02-18 08:25:21.992 | INFO     | core.scheduler:timetable:254 - > Generation #42, Number of conflicts #2
2023-02-18 08:25:22.171 | INFO     | core.scheduler:timetable:254 - > Generation #43, Number of conflicts #1
2023-02-18 08:25:22.353 | INFO     | core.scheduler:timetable:254 - > Generation #44, Number of conflicts #1
2023-02-18 08:25:22.542 | INFO     | core.scheduler:timetable:254 - > Generation #45, Number of conflicts #1
2023-02-18 08:25:22.733 | INFO     | core.scheduler:timetable:254 - > Generation #46, Number of conflicts #1
2023-02-18 08:25:22.913 | INFO     | core.scheduler:timetable:254 - > Generation #47, Number of conflicts #1
2023-02-18 08:25:23.108 | INFO     | core.scheduler:timetable:254 - > Generation #48, Number of conflicts #1
2023-02-18 08:25:23.302 | INFO     | core.scheduler:timetable:254 - > Generation #49, Number of conflicts #1
2023-02-18 08:25:23.484 | INFO     | core.scheduler:timetable:254 - > Generation #50, Number of conflicts #1
2023-02-18 08:25:23.675 | INFO     | core.scheduler:timetable:254 - > Generation #51, Number of conflicts #1
2023-02-18 08:25:23.865 | INFO     | core.scheduler:timetable:254 - > Generation #52, Number of conflicts #1
2023-02-18 08:25:24.046 | INFO     | core.scheduler:timetable:254 - > Generation #53, Number of conflicts #0
2023-02-18 08:25:24.077 | INFO     | core.scheduler:timetable:280 - > Schedule #6B, Number of conflicts #0 
   Room         2          3         4          5          6         7
1   6B              Su_Su01  Hoa_Ho01  GDCD_GD01   Van_Va01  Hoa_Ho01
2   6B   Ly_Ly01  Toan_To01  Anh_An01    CN_To01   Van_Va01  Hoa_Ho01
3   6B  Anh_An01  Toan_To01  The_Th01    Ly_Ly01  Toan_To01  The_Th01
4   6B  Van_Va01  Sinh_Si01  Van_Va01  Sinh_Si01  Toan_To01   Ly_Ly01
5   6B  Dia_Di01             Tin_Ti01              Tin_Ti01          
2023-02-18 08:25:24.384 | INFO     | core.scheduler:timetable:254 - > Generation #1, Number of conflicts #17
2023-02-18 08:25:24.567 | INFO     | core.scheduler:timetable:254 - > Generation #2, Number of conflicts #14
2023-02-18 08:25:24.786 | INFO     | core.scheduler:timetable:254 - > Generation #3, Number of conflicts #13
2023-02-18 08:25:25.042 | INFO     | core.scheduler:timetable:254 - > Generation #4, Number of conflicts #8
2023-02-18 08:25:25.232 | INFO     | core.scheduler:timetable:254 - > Generation #5, Number of conflicts #8
2023-02-18 08:25:25.437 | INFO     | core.scheduler:timetable:254 - > Generation #6, Number of conflicts #8
2023-02-18 08:25:25.630 | INFO     | core.scheduler:timetable:254 - > Generation #7, Number of conflicts #8
2023-02-18 08:25:25.821 | INFO     | core.scheduler:timetable:254 - > Generation #8, Number of conflicts #8
2023-02-18 08:25:26.004 | INFO     | core.scheduler:timetable:254 - > Generation #9, Number of conflicts #8
2023-02-18 08:25:26.208 | INFO     | core.scheduler:timetable:254 - > Generation #10, Number of conflicts #8
2023-02-18 08:25:26.394 | INFO     | core.scheduler:timetable:254 - > Generation #11, Number of conflicts #8
2023-02-18 08:25:26.582 | INFO     | core.scheduler:timetable:254 - > Generation #12, Number of conflicts #8
2023-02-18 08:25:26.773 | INFO     | core.scheduler:timetable:254 - > Generation #13, Number of conflicts #8
2023-02-18 08:25:26.983 | INFO     | core.scheduler:timetable:254 - > Generation #14, Number of conflicts #8
2023-02-18 08:25:27.170 | INFO     | core.scheduler:timetable:254 - > Generation #15, Number of conflicts #7
2023-02-18 08:25:27.367 | INFO     | core.scheduler:timetable:254 - > Generation #16, Number of conflicts #6
2023-02-18 08:25:27.551 | INFO     | core.scheduler:timetable:254 - > Generation #17, Number of conflicts #6
2023-02-18 08:25:27.796 | INFO     | core.scheduler:timetable:254 - > Generation #18, Number of conflicts #6
2023-02-18 08:25:27.986 | INFO     | core.scheduler:timetable:254 - > Generation #19, Number of conflicts #5
2023-02-18 08:25:28.184 | INFO     | core.scheduler:timetable:254 - > Generation #20, Number of conflicts #4
2023-02-18 08:25:28.389 | INFO     | core.scheduler:timetable:254 - > Generation #21, Number of conflicts #4
2023-02-18 08:25:28.602 | INFO     | core.scheduler:timetable:254 - > Generation #22, Number of conflicts #4
2023-02-18 08:25:28.786 | INFO     | core.scheduler:timetable:254 - > Generation #23, Number of conflicts #4
2023-02-18 08:25:28.958 | INFO     | core.scheduler:timetable:254 - > Generation #24, Number of conflicts #4
2023-02-18 08:25:29.144 | INFO     | core.scheduler:timetable:254 - > Generation #25, Number of conflicts #4
2023-02-18 08:25:29.316 | INFO     | core.scheduler:timetable:254 - > Generation #26, Number of conflicts #4
2023-02-18 08:25:29.493 | INFO     | core.scheduler:timetable:254 - > Generation #27, Number of conflicts #4
2023-02-18 08:25:29.663 | INFO     | core.scheduler:timetable:254 - > Generation #28, Number of conflicts #3
2023-02-18 08:25:29.848 | INFO     | core.scheduler:timetable:254 - > Generation #29, Number of conflicts #3
2023-02-18 08:25:30.031 | INFO     | core.scheduler:timetable:254 - > Generation #30, Number of conflicts #2
2023-02-18 08:25:30.199 | INFO     | core.scheduler:timetable:254 - > Generation #31, Number of conflicts #2
2023-02-18 08:25:30.377 | INFO     | core.scheduler:timetable:254 - > Generation #32, Number of conflicts #2
2023-02-18 08:25:30.553 | INFO     | core.scheduler:timetable:254 - > Generation #33, Number of conflicts #2
2023-02-18 08:25:30.738 | INFO     | core.scheduler:timetable:254 - > Generation #34, Number of conflicts #2
2023-02-18 08:25:30.914 | INFO     | core.scheduler:timetable:254 - > Generation #35, Number of conflicts #2
2023-02-18 08:25:31.089 | INFO     | core.scheduler:timetable:254 - > Generation #36, Number of conflicts #2
2023-02-18 08:25:31.266 | INFO     | core.scheduler:timetable:254 - > Generation #37, Number of conflicts #2
2023-02-18 08:25:31.461 | INFO     | core.scheduler:timetable:254 - > Generation #38, Number of conflicts #2
2023-02-18 08:25:31.635 | INFO     | core.scheduler:timetable:254 - > Generation #39, Number of conflicts #2
2023-02-18 08:25:31.811 | INFO     | core.scheduler:timetable:254 - > Generation #40, Number of conflicts #1
2023-02-18 08:25:31.982 | INFO     | core.scheduler:timetable:254 - > Generation #41, Number of conflicts #1
2023-02-18 08:25:32.168 | INFO     | core.scheduler:timetable:254 - > Generation #42, Number of conflicts #1
2023-02-18 08:25:32.343 | INFO     | core.scheduler:timetable:254 - > Generation #43, Number of conflicts #1
2023-02-18 08:25:32.512 | INFO     | core.scheduler:timetable:254 - > Generation #44, Number of conflicts #1
2023-02-18 08:25:32.686 | INFO     | core.scheduler:timetable:254 - > Generation #45, Number of conflicts #1
2023-02-18 08:25:32.877 | INFO     | core.scheduler:timetable:254 - > Generation #46, Number of conflicts #1
2023-02-18 08:25:33.056 | INFO     | core.scheduler:timetable:254 - > Generation #47, Number of conflicts #1
2023-02-18 08:25:33.228 | INFO     | core.scheduler:timetable:254 - > Generation #48, Number of conflicts #0
2023-02-18 08:25:33.256 | INFO     | core.scheduler:timetable:280 - > Schedule #6C, Number of conflicts #0 
   Room          2          3          4         5          6         7
1   6C              The_Th01   Tin_Ti01   Su_Su01   Anh_An01   Ly_Ly01
2   6C   Anh_An01   Van_Va01  Toan_To01  Dia_Di01  Toan_To01   Ly_Ly01
3   6C   Hoa_Ho01   Van_Va01    CN_To01  Hoa_Ho01  Sinh_Si01  Hoa_Ho01
4   6C  Toan_To01    Ly_Ly01  Sinh_Si01  Van_Va01   Tin_Ti01  Van_Va01
5   6C  Toan_To01  GDCD_GD01                        The_Th01          
