2023-02-19 01:08:55.677 | INFO     | core.scheduler:timetable:260 - > Room #6A, Generation #1, Number of conflicts #17
2023-02-19 01:08:55.778 | INFO     | core.scheduler:timetable:260 - > Room #6A, Generation #2, Number of conflicts #15
2023-02-19 01:08:55.865 | INFO     | core.scheduler:timetable:260 - > Room #6A, Generation #3, Number of conflicts #15
2023-02-19 01:08:55.959 | INFO     | core.scheduler:timetable:260 - > Room #6A, Generation #4, Number of conflicts #14
2023-02-19 01:08:56.192 | INFO     | core.scheduler:timetable:260 - > Room #6A, Generation #5, Number of conflicts #14
2023-02-19 01:08:56.319 | INFO     | core.scheduler:timetable:260 - > Room #6A, Generation #6, Number of conflicts #14
2023-02-19 01:08:56.429 | INFO     | core.scheduler:timetable:260 - > Room #6A, Generation #7, Number of conflicts #14
2023-02-19 01:08:56.519 | INFO     | core.scheduler:timetable:260 - > Room #6A, Generation #8, Number of conflicts #14
2023-02-19 01:08:56.603 | INFO     | core.scheduler:timetable:260 - > Room #6A, Generation #9, Number of conflicts #11
2023-02-19 01:08:56.702 | INFO     | core.scheduler:timetable:260 - > Room #6A, Generation #10, Number of conflicts #11
2023-02-19 01:08:56.793 | INFO     | core.scheduler:timetable:260 - > Room #6A, Generation #11, Number of conflicts #11
2023-02-19 01:08:56.886 | INFO     | core.scheduler:timetable:260 - > Room #6A, Generation #12, Number of conflicts #11
2023-02-19 01:08:56.974 | INFO     | core.scheduler:timetable:260 - > Room #6A, Generation #13, Number of conflicts #11
2023-02-19 01:08:57.064 | INFO     | core.scheduler:timetable:260 - > Room #6A, Generation #14, Number of conflicts #11
2023-02-19 01:08:57.150 | INFO     | core.scheduler:timetable:260 - > Room #6A, Generation #15, Number of conflicts #10
2023-02-19 01:08:57.239 | INFO     | core.scheduler:timetable:260 - > Room #6A, Generation #16, Number of conflicts #10
2023-02-19 01:08:57.312 | INFO     | core.scheduler:timetable:260 - > Room #6A, Generation #17, Number of conflicts #8
2023-02-19 01:08:57.390 | INFO     | core.scheduler:timetable:260 - > Room #6A, Generation #18, Number of conflicts #8
2023-02-19 01:08:57.465 | INFO     | core.scheduler:timetable:260 - > Room #6A, Generation #19, Number of conflicts #8
2023-02-19 01:08:57.606 | INFO     | core.scheduler:timetable:260 - > Room #6A, Generation #20, Number of conflicts #8
2023-02-19 01:08:57.770 | INFO     | core.scheduler:timetable:260 - > Room #6A, Generation #21, Number of conflicts #8
2023-02-19 01:08:57.855 | INFO     | core.scheduler:timetable:260 - > Room #6A, Generation #22, Number of conflicts #7
2023-02-19 01:08:57.934 | INFO     | core.scheduler:timetable:260 - > Room #6A, Generation #23, Number of conflicts #7
2023-02-19 01:08:58.017 | INFO     | core.scheduler:timetable:260 - > Room #6A, Generation #24, Number of conflicts #7
2023-02-19 01:08:58.101 | INFO     | core.scheduler:timetable:260 - > Room #6A, Generation #25, Number of conflicts #7
2023-02-19 01:08:58.195 | INFO     | core.scheduler:timetable:260 - > Room #6A, Generation #26, Number of conflicts #7
2023-02-19 01:08:58.279 | INFO     | core.scheduler:timetable:260 - > Room #6A, Generation #27, Number of conflicts #7
2023-02-19 01:08:58.365 | INFO     | core.scheduler:timetable:260 - > Room #6A, Generation #28, Number of conflicts #6
2023-02-19 01:08:58.488 | INFO     | core.scheduler:timetable:260 - > Room #6A, Generation #29, Number of conflicts #5
2023-02-19 01:08:58.609 | INFO     | core.scheduler:timetable:260 - > Room #6A, Generation #30, Number of conflicts #5
2023-02-19 01:08:58.682 | INFO     | core.scheduler:timetable:260 - > Room #6A, Generation #31, Number of conflicts #5
2023-02-19 01:08:58.767 | INFO     | core.scheduler:timetable:260 - > Room #6A, Generation #32, Number of conflicts #5
2023-02-19 01:08:58.844 | INFO     | core.scheduler:timetable:260 - > Room #6A, Generation #33, Number of conflicts #5
2023-02-19 01:08:58.923 | INFO     | core.scheduler:timetable:260 - > Room #6A, Generation #34, Number of conflicts #2
2023-02-19 01:08:59.004 | INFO     | core.scheduler:timetable:260 - > Room #6A, Generation #35, Number of conflicts #2
2023-02-19 01:08:59.080 | INFO     | core.scheduler:timetable:260 - > Room #6A, Generation #36, Number of conflicts #2
2023-02-19 01:08:59.163 | INFO     | core.scheduler:timetable:260 - > Room #6A, Generation #37, Number of conflicts #2
2023-02-19 01:08:59.260 | INFO     | core.scheduler:timetable:260 - > Room #6A, Generation #38, Number of conflicts #2
2023-02-19 01:08:59.344 | INFO     | core.scheduler:timetable:260 - > Room #6A, Generation #39, Number of conflicts #2
2023-02-19 01:08:59.487 | INFO     | core.scheduler:timetable:260 - > Room #6A, Generation #40, Number of conflicts #2
2023-02-19 01:08:59.611 | INFO     | core.scheduler:timetable:260 - > Room #6A, Generation #41, Number of conflicts #2
2023-02-19 01:08:59.688 | INFO     | core.scheduler:timetable:260 - > Room #6A, Generation #42, Number of conflicts #2
2023-02-19 01:08:59.776 | INFO     | core.scheduler:timetable:260 - > Room #6A, Generation #43, Number of conflicts #2
2023-02-19 01:08:59.869 | INFO     | core.scheduler:timetable:260 - > Room #6A, Generation #44, Number of conflicts #1
2023-02-19 01:08:59.941 | INFO     | core.scheduler:timetable:260 - > Room #6A, Generation #45, Number of conflicts #1
2023-02-19 01:09:00.022 | INFO     | core.scheduler:timetable:260 - > Room #6A, Generation #46, Number of conflicts #1
2023-02-19 01:09:00.096 | INFO     | core.scheduler:timetable:260 - > Room #6A, Generation #47, Number of conflicts #1
2023-02-19 01:09:00.252 | INFO     | core.scheduler:timetable:260 - > Room #6A, Generation #48, Number of conflicts #1
2023-02-19 01:09:00.343 | INFO     | core.scheduler:timetable:260 - > Room #6A, Generation #49, Number of conflicts #1
2023-02-19 01:09:00.426 | INFO     | core.scheduler:timetable:260 - > Room #6A, Generation #50, Number of conflicts #1
2023-02-19 01:09:00.515 | INFO     | core.scheduler:timetable:260 - > Room #6A, Generation #51, Number of conflicts #1
2023-02-19 01:09:00.602 | INFO     | core.scheduler:timetable:260 - > Room #6A, Generation #52, Number of conflicts #1
2023-02-19 01:09:00.677 | INFO     | core.scheduler:timetable:260 - > Room #6A, Generation #53, Number of conflicts #1
2023-02-19 01:09:00.763 | INFO     | core.scheduler:timetable:260 - > Room #6A, Generation #54, Number of conflicts #1
2023-02-19 01:09:00.902 | INFO     | core.scheduler:timetable:260 - > Room #6A, Generation #55, Number of conflicts #1
2023-02-19 01:09:01.020 | INFO     | core.scheduler:timetable:260 - > Room #6A, Generation #56, Number of conflicts #1
2023-02-19 01:09:01.110 | INFO     | core.scheduler:timetable:260 - > Room #6A, Generation #57, Number of conflicts #1
2023-02-19 01:09:01.199 | INFO     | core.scheduler:timetable:260 - > Room #6A, Generation #58, Number of conflicts #1
2023-02-19 01:09:01.293 | INFO     | core.scheduler:timetable:260 - > Room #6A, Generation #59, Number of conflicts #1
2023-02-19 01:09:01.402 | INFO     | core.scheduler:timetable:260 - > Room #6A, Generation #60, Number of conflicts #1
2023-02-19 01:09:01.521 | INFO     | core.scheduler:timetable:260 - > Room #6A, Generation #61, Number of conflicts #1
2023-02-19 01:09:01.614 | INFO     | core.scheduler:timetable:260 - > Room #6A, Generation #62, Number of conflicts #1
2023-02-19 01:09:01.696 | INFO     | core.scheduler:timetable:260 - > Room #6A, Generation #63, Number of conflicts #1
2023-02-19 01:09:01.774 | INFO     | core.scheduler:timetable:260 - > Room #6A, Generation #64, Number of conflicts #1
2023-02-19 01:09:01.876 | INFO     | core.scheduler:timetable:260 - > Room #6A, Generation #65, Number of conflicts #1
2023-02-19 01:09:01.952 | INFO     | core.scheduler:timetable:260 - > Room #6A, Generation #66, Number of conflicts #1
2023-02-19 01:09:02.033 | INFO     | core.scheduler:timetable:260 - > Room #6A, Generation #67, Number of conflicts #1
2023-02-19 01:09:02.106 | INFO     | core.scheduler:timetable:260 - > Room #6A, Generation #68, Number of conflicts #1
2023-02-19 01:09:02.192 | INFO     | core.scheduler:timetable:260 - > Room #6A, Generation #69, Number of conflicts #1
2023-02-19 01:09:02.265 | INFO     | core.scheduler:timetable:260 - > Room #6A, Generation #70, Number of conflicts #1
2023-02-19 01:09:02.341 | INFO     | core.scheduler:timetable:260 - > Room #6A, Generation #71, Number of conflicts #1
2023-02-19 01:09:02.421 | INFO     | core.scheduler:timetable:260 - > Room #6A, Generation #72, Number of conflicts #1
2023-02-19 01:09:02.506 | INFO     | core.scheduler:timetable:260 - > Room #6A, Generation #73, Number of conflicts #1
2023-02-19 01:09:02.594 | INFO     | core.scheduler:timetable:260 - > Room #6A, Generation #74, Number of conflicts #1
2023-02-19 01:09:02.672 | INFO     | core.scheduler:timetable:260 - > Room #6A, Generation #75, Number of conflicts #1
2023-02-19 01:09:02.753 | INFO     | core.scheduler:timetable:260 - > Room #6A, Generation #76, Number of conflicts #1
2023-02-19 01:09:02.837 | INFO     | core.scheduler:timetable:260 - > Room #6A, Generation #77, Number of conflicts #1
2023-02-19 01:09:02.929 | INFO     | core.scheduler:timetable:260 - > Room #6A, Generation #78, Number of conflicts #1
2023-02-19 01:09:03.014 | INFO     | core.scheduler:timetable:260 - > Room #6A, Generation #79, Number of conflicts #1
2023-02-19 01:09:03.106 | INFO     | core.scheduler:timetable:260 - > Room #6A, Generation #80, Number of conflicts #1
2023-02-19 01:09:03.194 | INFO     | core.scheduler:timetable:260 - > Room #6A, Generation #81, Number of conflicts #1
2023-02-19 01:09:03.276 | INFO     | core.scheduler:timetable:260 - > Room #6A, Generation #82, Number of conflicts #1
2023-02-19 01:09:03.375 | INFO     | core.scheduler:timetable:260 - > Room #6A, Generation #83, Number of conflicts #1
2023-02-19 01:09:03.446 | INFO     | core.scheduler:timetable:260 - > Room #6A, Generation #84, Number of conflicts #1
2023-02-19 01:09:03.529 | INFO     | core.scheduler:timetable:260 - > Room #6A, Generation #85, Number of conflicts #1
2023-02-19 01:09:03.605 | INFO     | core.scheduler:timetable:260 - > Room #6A, Generation #86, Number of conflicts #1
2023-02-19 01:09:03.690 | INFO     | core.scheduler:timetable:260 - > Room #6A, Generation #87, Number of conflicts #1
2023-02-19 01:09:03.771 | INFO     | core.scheduler:timetable:260 - > Room #6A, Generation #88, Number of conflicts #1
2023-02-19 01:09:03.868 | INFO     | core.scheduler:timetable:260 - > Room #6A, Generation #89, Number of conflicts #1
2023-02-19 01:09:03.974 | INFO     | core.scheduler:timetable:260 - > Room #6A, Generation #90, Number of conflicts #1
2023-02-19 01:09:04.083 | INFO     | core.scheduler:timetable:260 - > Room #6A, Generation #91, Number of conflicts #1
2023-02-19 01:09:04.165 | INFO     | core.scheduler:timetable:260 - > Room #6A, Generation #92, Number of conflicts #1
2023-02-19 01:09:04.250 | INFO     | core.scheduler:timetable:260 - > Room #6A, Generation #93, Number of conflicts #1
2023-02-19 01:09:04.330 | INFO     | core.scheduler:timetable:260 - > Room #6A, Generation #94, Number of conflicts #1
2023-02-19 01:09:04.413 | INFO     | core.scheduler:timetable:260 - > Room #6A, Generation #95, Number of conflicts #1
2023-02-19 01:09:04.498 | INFO     | core.scheduler:timetable:260 - > Room #6A, Generation #96, Number of conflicts #1
2023-02-19 01:09:04.578 | INFO     | core.scheduler:timetable:260 - > Room #6A, Generation #97, Number of conflicts #1
2023-02-19 01:09:04.657 | INFO     | core.scheduler:timetable:260 - > Room #6A, Generation #98, Number of conflicts #1
2023-02-19 01:09:04.741 | INFO     | core.scheduler:timetable:260 - > Room #6A, Generation #99, Number of conflicts #1
2023-02-19 01:09:04.826 | INFO     | core.scheduler:timetable:260 - > Room #6A, Generation #100, Number of conflicts #1
2023-02-19 01:09:04.912 | INFO     | core.scheduler:timetable:260 - > Room #6A, Generation #101, Number of conflicts #1
2023-02-19 01:09:04.998 | INFO     | core.scheduler:timetable:260 - > Room #6A, Generation #102, Number of conflicts #1
2023-02-19 01:09:05.075 | INFO     | core.scheduler:timetable:260 - > Room #6A, Generation #103, Number of conflicts #1
2023-02-19 01:09:05.153 | INFO     | core.scheduler:timetable:260 - > Room #6A, Generation #104, Number of conflicts #1
2023-02-19 01:09:05.232 | INFO     | core.scheduler:timetable:260 - > Room #6A, Generation #105, Number of conflicts #1
2023-02-19 01:09:05.316 | INFO     | core.scheduler:timetable:260 - > Room #6A, Generation #106, Number of conflicts #1
2023-02-19 01:09:05.401 | INFO     | core.scheduler:timetable:260 - > Room #6A, Generation #107, Number of conflicts #1
2023-02-19 01:09:05.483 | INFO     | core.scheduler:timetable:260 - > Room #6A, Generation #108, Number of conflicts #1
2023-02-19 01:09:05.561 | INFO     | core.scheduler:timetable:260 - > Room #6A, Generation #109, Number of conflicts #1
2023-02-19 01:09:05.650 | INFO     | core.scheduler:timetable:260 - > Room #6A, Generation #110, Number of conflicts #1
2023-02-19 01:09:05.732 | INFO     | core.scheduler:timetable:260 - > Room #6A, Generation #111, Number of conflicts #1
2023-02-19 01:09:05.808 | INFO     | core.scheduler:timetable:260 - > Room #6A, Generation #112, Number of conflicts #1
2023-02-19 01:09:05.885 | INFO     | core.scheduler:timetable:260 - > Room #6A, Generation #113, Number of conflicts #1
2023-02-19 01:09:05.968 | INFO     | core.scheduler:timetable:260 - > Room #6A, Generation #114, Number of conflicts #1
2023-02-19 01:09:06.048 | INFO     | core.scheduler:timetable:260 - > Room #6A, Generation #115, Number of conflicts #1
2023-02-19 01:09:06.132 | INFO     | core.scheduler:timetable:260 - > Room #6A, Generation #116, Number of conflicts #1
2023-02-19 01:09:06.209 | INFO     | core.scheduler:timetable:260 - > Room #6A, Generation #117, Number of conflicts #1
2023-02-19 01:09:06.292 | INFO     | core.scheduler:timetable:260 - > Room #6A, Generation #118, Number of conflicts #1
2023-02-19 01:09:06.376 | INFO     | core.scheduler:timetable:260 - > Room #6A, Generation #119, Number of conflicts #1
2023-02-19 01:09:06.454 | INFO     | core.scheduler:timetable:260 - > Room #6A, Generation #120, Number of conflicts #1
2023-02-19 01:09:06.531 | INFO     | core.scheduler:timetable:260 - > Room #6A, Generation #121, Number of conflicts #1
2023-02-19 01:09:06.616 | INFO     | core.scheduler:timetable:260 - > Room #6A, Generation #122, Number of conflicts #1
2023-02-19 01:09:06.702 | INFO     | core.scheduler:timetable:260 - > Room #6A, Generation #123, Number of conflicts #1
2023-02-19 01:09:06.782 | INFO     | core.scheduler:timetable:260 - > Room #6A, Generation #124, Number of conflicts #1
2023-02-19 01:09:06.862 | INFO     | core.scheduler:timetable:260 - > Room #6A, Generation #125, Number of conflicts #1
2023-02-19 01:09:06.937 | INFO     | core.scheduler:timetable:260 - > Room #6A, Generation #126, Number of conflicts #1
2023-02-19 01:09:07.014 | INFO     | core.scheduler:timetable:260 - > Room #6A, Generation #127, Number of conflicts #1
2023-02-19 01:09:07.096 | INFO     | core.scheduler:timetable:260 - > Room #6A, Generation #128, Number of conflicts #1
2023-02-19 01:09:07.185 | INFO     | core.scheduler:timetable:260 - > Room #6A, Generation #129, Number of conflicts #1
2023-02-19 01:09:07.261 | INFO     | core.scheduler:timetable:260 - > Room #6A, Generation #130, Number of conflicts #1
2023-02-19 01:09:07.338 | INFO     | core.scheduler:timetable:260 - > Room #6A, Generation #131, Number of conflicts #1
2023-02-19 01:09:07.419 | INFO     | core.scheduler:timetable:260 - > Room #6A, Generation #132, Number of conflicts #1
2023-02-19 01:09:07.518 | INFO     | core.scheduler:timetable:260 - > Room #6A, Generation #133, Number of conflicts #1
2023-02-19 01:09:07.592 | INFO     | core.scheduler:timetable:260 - > Room #6A, Generation #134, Number of conflicts #1
2023-02-19 01:09:07.680 | INFO     | core.scheduler:timetable:260 - > Room #6A, Generation #135, Number of conflicts #1
2023-02-19 01:09:07.757 | INFO     | core.scheduler:timetable:260 - > Room #6A, Generation #136, Number of conflicts #1
2023-02-19 01:09:07.836 | INFO     | core.scheduler:timetable:260 - > Room #6A, Generation #137, Number of conflicts #1
2023-02-19 01:09:07.913 | INFO     | core.scheduler:timetable:260 - > Room #6A, Generation #138, Number of conflicts #1
2023-02-19 01:09:08.000 | INFO     | core.scheduler:timetable:260 - > Room #6A, Generation #139, Number of conflicts #1
2023-02-19 01:09:08.082 | INFO     | core.scheduler:timetable:260 - > Room #6A, Generation #140, Number of conflicts #1
2023-02-19 01:09:08.164 | INFO     | core.scheduler:timetable:260 - > Room #6A, Generation #141, Number of conflicts #1
2023-02-19 01:09:08.244 | INFO     | core.scheduler:timetable:260 - > Room #6A, Generation #142, Number of conflicts #1
2023-02-19 01:09:08.325 | INFO     | core.scheduler:timetable:260 - > Room #6A, Generation #143, Number of conflicts #1
2023-02-19 01:09:08.399 | INFO     | core.scheduler:timetable:260 - > Room #6A, Generation #144, Number of conflicts #1
2023-02-19 01:09:08.486 | INFO     | core.scheduler:timetable:260 - > Room #6A, Generation #145, Number of conflicts #1
2023-02-19 01:09:08.572 | INFO     | core.scheduler:timetable:260 - > Room #6A, Generation #146, Number of conflicts #1
2023-02-19 01:09:08.649 | INFO     | core.scheduler:timetable:260 - > Room #6A, Generation #147, Number of conflicts #1
2023-02-19 01:09:08.734 | INFO     | core.scheduler:timetable:260 - > Room #6A, Generation #148, Number of conflicts #1
2023-02-19 01:09:08.832 | INFO     | core.scheduler:timetable:260 - > Room #6A, Generation #149, Number of conflicts #1
2023-02-19 01:09:08.916 | INFO     | core.scheduler:timetable:260 - > Room #6A, Generation #150, Number of conflicts #1
2023-02-19 01:09:08.995 | INFO     | core.scheduler:timetable:260 - > Room #6A, Generation #151, Number of conflicts #1
2023-02-19 01:09:09.073 | INFO     | core.scheduler:timetable:260 - > Room #6A, Generation #152, Number of conflicts #1
2023-02-19 01:09:09.160 | INFO     | core.scheduler:timetable:260 - > Room #6A, Generation #153, Number of conflicts #1
2023-02-19 01:09:09.240 | INFO     | core.scheduler:timetable:260 - > Room #6A, Generation #154, Number of conflicts #1
2023-02-19 01:09:09.323 | INFO     | core.scheduler:timetable:260 - > Room #6A, Generation #155, Number of conflicts #1
2023-02-19 01:09:09.404 | INFO     | core.scheduler:timetable:260 - > Room #6A, Generation #156, Number of conflicts #0
2023-02-19 01:09:09.421 | INFO     | core.scheduler:timetable:287 - > Schedule #6A, Number of conflicts #0 
   Room          2          3         4          5         6              7
1   6A    Chao Co   Van_Va01   Ly_Ly01   Van_Va01  Tin_Ti01       The_Th01
2   6A   Anh_An01  Sinh_Si01   Ly_Ly01   Van_Va01  Dia_Di01      Toan_To01
3   6A    Ly_Ly01   Tin_Ti01   CN_To01  Sinh_Si01  Anh_An01      Toan_To01
4   6A  GDCD_GD01    Su_Su01  Hoa_Ho01  Toan_To01  Hoa_Ho01       Van_Va01
5   6A  Toan_To01             The_Th01             Hoa_Ho01  Sinh Hoat Lop
2023-02-19 01:09:09.538 | INFO     | core.scheduler:timetable:260 - > Room #6B, Generation #1, Number of conflicts #16
2023-02-19 01:09:09.614 | INFO     | core.scheduler:timetable:260 - > Room #6B, Generation #2, Number of conflicts #16
2023-02-19 01:09:09.697 | INFO     | core.scheduler:timetable:260 - > Room #6B, Generation #3, Number of conflicts #16
2023-02-19 01:09:09.785 | INFO     | core.scheduler:timetable:260 - > Room #6B, Generation #4, Number of conflicts #16
2023-02-19 01:09:09.872 | INFO     | core.scheduler:timetable:260 - > Room #6B, Generation #5, Number of conflicts #12
2023-02-19 01:09:09.951 | INFO     | core.scheduler:timetable:260 - > Room #6B, Generation #6, Number of conflicts #12
2023-02-19 01:09:10.031 | INFO     | core.scheduler:timetable:260 - > Room #6B, Generation #7, Number of conflicts #12
2023-02-19 01:09:10.115 | INFO     | core.scheduler:timetable:260 - > Room #6B, Generation #8, Number of conflicts #12
2023-02-19 01:09:10.195 | INFO     | core.scheduler:timetable:260 - > Room #6B, Generation #9, Number of conflicts #11
2023-02-19 01:09:10.274 | INFO     | core.scheduler:timetable:260 - > Room #6B, Generation #10, Number of conflicts #10
2023-02-19 01:09:10.363 | INFO     | core.scheduler:timetable:260 - > Room #6B, Generation #11, Number of conflicts #10
2023-02-19 01:09:10.445 | INFO     | core.scheduler:timetable:260 - > Room #6B, Generation #12, Number of conflicts #10
2023-02-19 01:09:10.526 | INFO     | core.scheduler:timetable:260 - > Room #6B, Generation #13, Number of conflicts #10
2023-02-19 01:09:10.614 | INFO     | core.scheduler:timetable:260 - > Room #6B, Generation #14, Number of conflicts #10
2023-02-19 01:09:10.700 | INFO     | core.scheduler:timetable:260 - > Room #6B, Generation #15, Number of conflicts #10
2023-02-19 01:09:10.788 | INFO     | core.scheduler:timetable:260 - > Room #6B, Generation #16, Number of conflicts #10
2023-02-19 01:09:10.868 | INFO     | core.scheduler:timetable:260 - > Room #6B, Generation #17, Number of conflicts #9
2023-02-19 01:09:10.946 | INFO     | core.scheduler:timetable:260 - > Room #6B, Generation #18, Number of conflicts #7
2023-02-19 01:09:11.020 | INFO     | core.scheduler:timetable:260 - > Room #6B, Generation #19, Number of conflicts #7
2023-02-19 01:09:11.101 | INFO     | core.scheduler:timetable:260 - > Room #6B, Generation #20, Number of conflicts #6
2023-02-19 01:09:11.180 | INFO     | core.scheduler:timetable:260 - > Room #6B, Generation #21, Number of conflicts #6
2023-02-19 01:09:11.263 | INFO     | core.scheduler:timetable:260 - > Room #6B, Generation #22, Number of conflicts #6
2023-02-19 01:09:11.340 | INFO     | core.scheduler:timetable:260 - > Room #6B, Generation #23, Number of conflicts #6
2023-02-19 01:09:11.430 | INFO     | core.scheduler:timetable:260 - > Room #6B, Generation #24, Number of conflicts #6
2023-02-19 01:09:11.514 | INFO     | core.scheduler:timetable:260 - > Room #6B, Generation #25, Number of conflicts #6
2023-02-19 01:09:11.595 | INFO     | core.scheduler:timetable:260 - > Room #6B, Generation #26, Number of conflicts #6
2023-02-19 01:09:11.672 | INFO     | core.scheduler:timetable:260 - > Room #6B, Generation #27, Number of conflicts #6
2023-02-19 01:09:11.759 | INFO     | core.scheduler:timetable:260 - > Room #6B, Generation #28, Number of conflicts #6
2023-02-19 01:09:11.844 | INFO     | core.scheduler:timetable:260 - > Room #6B, Generation #29, Number of conflicts #5
2023-02-19 01:09:11.926 | INFO     | core.scheduler:timetable:260 - > Room #6B, Generation #30, Number of conflicts #5
2023-02-19 01:09:12.015 | INFO     | core.scheduler:timetable:260 - > Room #6B, Generation #31, Number of conflicts #4
2023-02-19 01:09:12.095 | INFO     | core.scheduler:timetable:260 - > Room #6B, Generation #32, Number of conflicts #4
2023-02-19 01:09:12.180 | INFO     | core.scheduler:timetable:260 - > Room #6B, Generation #33, Number of conflicts #4
2023-02-19 01:09:12.268 | INFO     | core.scheduler:timetable:260 - > Room #6B, Generation #34, Number of conflicts #4
2023-02-19 01:09:12.352 | INFO     | core.scheduler:timetable:260 - > Room #6B, Generation #35, Number of conflicts #4
2023-02-19 01:09:12.506 | INFO     | core.scheduler:timetable:260 - > Room #6B, Generation #36, Number of conflicts #4
2023-02-19 01:09:12.602 | INFO     | core.scheduler:timetable:260 - > Room #6B, Generation #37, Number of conflicts #3
2023-02-19 01:09:12.680 | INFO     | core.scheduler:timetable:260 - > Room #6B, Generation #38, Number of conflicts #3
2023-02-19 01:09:12.772 | INFO     | core.scheduler:timetable:260 - > Room #6B, Generation #39, Number of conflicts #3
2023-02-19 01:09:12.857 | INFO     | core.scheduler:timetable:260 - > Room #6B, Generation #40, Number of conflicts #3
2023-02-19 01:09:12.945 | INFO     | core.scheduler:timetable:260 - > Room #6B, Generation #41, Number of conflicts #3
2023-02-19 01:09:13.022 | INFO     | core.scheduler:timetable:260 - > Room #6B, Generation #42, Number of conflicts #3
2023-02-19 01:09:13.100 | INFO     | core.scheduler:timetable:260 - > Room #6B, Generation #43, Number of conflicts #3
2023-02-19 01:09:13.175 | INFO     | core.scheduler:timetable:260 - > Room #6B, Generation #44, Number of conflicts #3
2023-02-19 01:09:13.260 | INFO     | core.scheduler:timetable:260 - > Room #6B, Generation #45, Number of conflicts #2
2023-02-19 01:09:13.348 | INFO     | core.scheduler:timetable:260 - > Room #6B, Generation #46, Number of conflicts #2
2023-02-19 01:09:13.426 | INFO     | core.scheduler:timetable:260 - > Room #6B, Generation #47, Number of conflicts #2
2023-02-19 01:09:13.510 | INFO     | core.scheduler:timetable:260 - > Room #6B, Generation #48, Number of conflicts #2
2023-02-19 01:09:13.590 | INFO     | core.scheduler:timetable:260 - > Room #6B, Generation #49, Number of conflicts #2
2023-02-19 01:09:13.671 | INFO     | core.scheduler:timetable:260 - > Room #6B, Generation #50, Number of conflicts #1
2023-02-19 01:09:13.751 | INFO     | core.scheduler:timetable:260 - > Room #6B, Generation #51, Number of conflicts #1
2023-02-19 01:09:13.836 | INFO     | core.scheduler:timetable:260 - > Room #6B, Generation #52, Number of conflicts #1
2023-02-19 01:09:13.916 | INFO     | core.scheduler:timetable:260 - > Room #6B, Generation #53, Number of conflicts #1
2023-02-19 01:09:14.002 | INFO     | core.scheduler:timetable:260 - > Room #6B, Generation #54, Number of conflicts #1
2023-02-19 01:09:14.082 | INFO     | core.scheduler:timetable:260 - > Room #6B, Generation #55, Number of conflicts #1
2023-02-19 01:09:14.156 | INFO     | core.scheduler:timetable:260 - > Room #6B, Generation #56, Number of conflicts #1
2023-02-19 01:09:14.235 | INFO     | core.scheduler:timetable:260 - > Room #6B, Generation #57, Number of conflicts #1
2023-02-19 01:09:14.323 | INFO     | core.scheduler:timetable:260 - > Room #6B, Generation #58, Number of conflicts #1
2023-02-19 01:09:14.402 | INFO     | core.scheduler:timetable:260 - > Room #6B, Generation #59, Number of conflicts #1
2023-02-19 01:09:14.485 | INFO     | core.scheduler:timetable:260 - > Room #6B, Generation #60, Number of conflicts #1
2023-02-19 01:09:14.566 | INFO     | core.scheduler:timetable:260 - > Room #6B, Generation #61, Number of conflicts #1
2023-02-19 01:09:14.647 | INFO     | core.scheduler:timetable:260 - > Room #6B, Generation #62, Number of conflicts #1
2023-02-19 01:09:14.724 | INFO     | core.scheduler:timetable:260 - > Room #6B, Generation #63, Number of conflicts #1
2023-02-19 01:09:14.803 | INFO     | core.scheduler:timetable:260 - > Room #6B, Generation #64, Number of conflicts #1
2023-02-19 01:09:14.887 | INFO     | core.scheduler:timetable:260 - > Room #6B, Generation #65, Number of conflicts #1
2023-02-19 01:09:14.966 | INFO     | core.scheduler:timetable:260 - > Room #6B, Generation #66, Number of conflicts #1
2023-02-19 01:09:15.045 | INFO     | core.scheduler:timetable:260 - > Room #6B, Generation #67, Number of conflicts #1
2023-02-19 01:09:15.128 | INFO     | core.scheduler:timetable:260 - > Room #6B, Generation #68, Number of conflicts #1
2023-02-19 01:09:15.215 | INFO     | core.scheduler:timetable:260 - > Room #6B, Generation #69, Number of conflicts #1
2023-02-19 01:09:15.304 | INFO     | core.scheduler:timetable:260 - > Room #6B, Generation #70, Number of conflicts #1
2023-02-19 01:09:15.382 | INFO     | core.scheduler:timetable:260 - > Room #6B, Generation #71, Number of conflicts #1
2023-02-19 01:09:15.467 | INFO     | core.scheduler:timetable:260 - > Room #6B, Generation #72, Number of conflicts #1
2023-02-19 01:09:15.546 | INFO     | core.scheduler:timetable:260 - > Room #6B, Generation #73, Number of conflicts #1
2023-02-19 01:09:15.632 | INFO     | core.scheduler:timetable:260 - > Room #6B, Generation #74, Number of conflicts #1
2023-02-19 01:09:15.727 | INFO     | core.scheduler:timetable:260 - > Room #6B, Generation #75, Number of conflicts #1
2023-02-19 01:09:15.809 | INFO     | core.scheduler:timetable:260 - > Room #6B, Generation #76, Number of conflicts #1
2023-02-19 01:09:15.886 | INFO     | core.scheduler:timetable:260 - > Room #6B, Generation #77, Number of conflicts #1
2023-02-19 01:09:15.963 | INFO     | core.scheduler:timetable:260 - > Room #6B, Generation #78, Number of conflicts #1
2023-02-19 01:09:16.042 | INFO     | core.scheduler:timetable:260 - > Room #6B, Generation #79, Number of conflicts #1
2023-02-19 01:09:16.124 | INFO     | core.scheduler:timetable:260 - > Room #6B, Generation #80, Number of conflicts #1
2023-02-19 01:09:16.208 | INFO     | core.scheduler:timetable:260 - > Room #6B, Generation #81, Number of conflicts #1
2023-02-19 01:09:16.283 | INFO     | core.scheduler:timetable:260 - > Room #6B, Generation #82, Number of conflicts #1
2023-02-19 01:09:16.364 | INFO     | core.scheduler:timetable:260 - > Room #6B, Generation #83, Number of conflicts #1
2023-02-19 01:09:16.439 | INFO     | core.scheduler:timetable:260 - > Room #6B, Generation #84, Number of conflicts #1
2023-02-19 01:09:16.517 | INFO     | core.scheduler:timetable:260 - > Room #6B, Generation #85, Number of conflicts #1
2023-02-19 01:09:16.603 | INFO     | core.scheduler:timetable:260 - > Room #6B, Generation #86, Number of conflicts #1
2023-02-19 01:09:16.695 | INFO     | core.scheduler:timetable:260 - > Room #6B, Generation #87, Number of conflicts #1
2023-02-19 01:09:16.782 | INFO     | core.scheduler:timetable:260 - > Room #6B, Generation #88, Number of conflicts #1
2023-02-19 01:09:16.865 | INFO     | core.scheduler:timetable:260 - > Room #6B, Generation #89, Number of conflicts #1
2023-02-19 01:09:16.945 | INFO     | core.scheduler:timetable:260 - > Room #6B, Generation #90, Number of conflicts #1
2023-02-19 01:09:17.027 | INFO     | core.scheduler:timetable:260 - > Room #6B, Generation #91, Number of conflicts #1
2023-02-19 01:09:17.111 | INFO     | core.scheduler:timetable:260 - > Room #6B, Generation #92, Number of conflicts #1
2023-02-19 01:09:17.195 | INFO     | core.scheduler:timetable:260 - > Room #6B, Generation #93, Number of conflicts #1
2023-02-19 01:09:17.276 | INFO     | core.scheduler:timetable:260 - > Room #6B, Generation #94, Number of conflicts #1
2023-02-19 01:09:17.362 | INFO     | core.scheduler:timetable:260 - > Room #6B, Generation #95, Number of conflicts #1
2023-02-19 01:09:17.450 | INFO     | core.scheduler:timetable:260 - > Room #6B, Generation #96, Number of conflicts #1
2023-02-19 01:09:17.536 | INFO     | core.scheduler:timetable:260 - > Room #6B, Generation #97, Number of conflicts #1
2023-02-19 01:09:17.625 | INFO     | core.scheduler:timetable:260 - > Room #6B, Generation #98, Number of conflicts #1
2023-02-19 01:09:17.718 | INFO     | core.scheduler:timetable:260 - > Room #6B, Generation #99, Number of conflicts #1
2023-02-19 01:09:17.796 | INFO     | core.scheduler:timetable:260 - > Room #6B, Generation #100, Number of conflicts #1
2023-02-19 01:09:17.877 | INFO     | core.scheduler:timetable:260 - > Room #6B, Generation #101, Number of conflicts #1
2023-02-19 01:09:17.950 | INFO     | core.scheduler:timetable:260 - > Room #6B, Generation #102, Number of conflicts #1
2023-02-19 01:09:18.027 | INFO     | core.scheduler:timetable:260 - > Room #6B, Generation #103, Number of conflicts #1
2023-02-19 01:09:18.107 | INFO     | core.scheduler:timetable:260 - > Room #6B, Generation #104, Number of conflicts #1
2023-02-19 01:09:18.190 | INFO     | core.scheduler:timetable:260 - > Room #6B, Generation #105, Number of conflicts #1
2023-02-19 01:09:18.274 | INFO     | core.scheduler:timetable:260 - > Room #6B, Generation #106, Number of conflicts #1
2023-02-19 01:09:18.352 | INFO     | core.scheduler:timetable:260 - > Room #6B, Generation #107, Number of conflicts #1
2023-02-19 01:09:18.434 | INFO     | core.scheduler:timetable:260 - > Room #6B, Generation #108, Number of conflicts #1
2023-02-19 01:09:18.514 | INFO     | core.scheduler:timetable:260 - > Room #6B, Generation #109, Number of conflicts #1
2023-02-19 01:09:18.591 | INFO     | core.scheduler:timetable:260 - > Room #6B, Generation #110, Number of conflicts #1
2023-02-19 01:09:18.675 | INFO     | core.scheduler:timetable:260 - > Room #6B, Generation #111, Number of conflicts #1
2023-02-19 01:09:18.756 | INFO     | core.scheduler:timetable:260 - > Room #6B, Generation #112, Number of conflicts #1
2023-02-19 01:09:18.847 | INFO     | core.scheduler:timetable:260 - > Room #6B, Generation #113, Number of conflicts #1
2023-02-19 01:09:18.927 | INFO     | core.scheduler:timetable:260 - > Room #6B, Generation #114, Number of conflicts #1
2023-02-19 01:09:19.008 | INFO     | core.scheduler:timetable:260 - > Room #6B, Generation #115, Number of conflicts #1
2023-02-19 01:09:19.093 | INFO     | core.scheduler:timetable:260 - > Room #6B, Generation #116, Number of conflicts #1
2023-02-19 01:09:19.177 | INFO     | core.scheduler:timetable:260 - > Room #6B, Generation #117, Number of conflicts #1
2023-02-19 01:09:19.271 | INFO     | core.scheduler:timetable:260 - > Room #6B, Generation #118, Number of conflicts #1
2023-02-19 01:09:19.348 | INFO     | core.scheduler:timetable:260 - > Room #6B, Generation #119, Number of conflicts #1
2023-02-19 01:09:19.422 | INFO     | core.scheduler:timetable:260 - > Room #6B, Generation #120, Number of conflicts #1
2023-02-19 01:09:19.501 | INFO     | core.scheduler:timetable:260 - > Room #6B, Generation #121, Number of conflicts #1
2023-02-19 01:09:19.587 | INFO     | core.scheduler:timetable:260 - > Room #6B, Generation #122, Number of conflicts #1
2023-02-19 01:09:19.672 | INFO     | core.scheduler:timetable:260 - > Room #6B, Generation #123, Number of conflicts #1
2023-02-19 01:09:19.759 | INFO     | core.scheduler:timetable:260 - > Room #6B, Generation #124, Number of conflicts #1
2023-02-19 01:09:19.845 | INFO     | core.scheduler:timetable:260 - > Room #6B, Generation #125, Number of conflicts #1
2023-02-19 01:09:19.920 | INFO     | core.scheduler:timetable:260 - > Room #6B, Generation #126, Number of conflicts #1
2023-02-19 01:09:20.005 | INFO     | core.scheduler:timetable:260 - > Room #6B, Generation #127, Number of conflicts #1
2023-02-19 01:09:20.087 | INFO     | core.scheduler:timetable:260 - > Room #6B, Generation #128, Number of conflicts #1
2023-02-19 01:09:20.175 | INFO     | core.scheduler:timetable:260 - > Room #6B, Generation #129, Number of conflicts #1
2023-02-19 01:09:20.256 | INFO     | core.scheduler:timetable:260 - > Room #6B, Generation #130, Number of conflicts #1
2023-02-19 01:09:20.350 | INFO     | core.scheduler:timetable:260 - > Room #6B, Generation #131, Number of conflicts #1
2023-02-19 01:09:20.426 | INFO     | core.scheduler:timetable:260 - > Room #6B, Generation #132, Number of conflicts #1
2023-02-19 01:09:20.519 | INFO     | core.scheduler:timetable:260 - > Room #6B, Generation #133, Number of conflicts #1
2023-02-19 01:09:20.597 | INFO     | core.scheduler:timetable:260 - > Room #6B, Generation #134, Number of conflicts #1
2023-02-19 01:09:20.677 | INFO     | core.scheduler:timetable:260 - > Room #6B, Generation #135, Number of conflicts #1
2023-02-19 01:09:20.770 | INFO     | core.scheduler:timetable:260 - > Room #6B, Generation #136, Number of conflicts #1
2023-02-19 01:09:20.854 | INFO     | core.scheduler:timetable:260 - > Room #6B, Generation #137, Number of conflicts #1
2023-02-19 01:09:20.936 | INFO     | core.scheduler:timetable:260 - > Room #6B, Generation #138, Number of conflicts #1
2023-02-19 01:09:21.015 | INFO     | core.scheduler:timetable:260 - > Room #6B, Generation #139, Number of conflicts #1
2023-02-19 01:09:21.089 | INFO     | core.scheduler:timetable:260 - > Room #6B, Generation #140, Number of conflicts #1
2023-02-19 01:09:21.183 | INFO     | core.scheduler:timetable:260 - > Room #6B, Generation #141, Number of conflicts #1
2023-02-19 01:09:21.260 | INFO     | core.scheduler:timetable:260 - > Room #6B, Generation #142, Number of conflicts #1
2023-02-19 01:09:21.352 | INFO     | core.scheduler:timetable:260 - > Room #6B, Generation #143, Number of conflicts #1
2023-02-19 01:09:21.444 | INFO     | core.scheduler:timetable:260 - > Room #6B, Generation #144, Number of conflicts #1
2023-02-19 01:09:21.530 | INFO     | core.scheduler:timetable:260 - > Room #6B, Generation #145, Number of conflicts #1
2023-02-19 01:09:21.610 | INFO     | core.scheduler:timetable:260 - > Room #6B, Generation #146, Number of conflicts #1
2023-02-19 01:09:21.691 | INFO     | core.scheduler:timetable:260 - > Room #6B, Generation #147, Number of conflicts #1
2023-02-19 01:09:21.780 | INFO     | core.scheduler:timetable:260 - > Room #6B, Generation #148, Number of conflicts #1
2023-02-19 01:09:21.865 | INFO     | core.scheduler:timetable:260 - > Room #6B, Generation #149, Number of conflicts #1
2023-02-19 01:09:21.947 | INFO     | core.scheduler:timetable:260 - > Room #6B, Generation #150, Number of conflicts #1
2023-02-19 01:09:22.026 | INFO     | core.scheduler:timetable:260 - > Room #6B, Generation #151, Number of conflicts #1
2023-02-19 01:09:22.114 | INFO     | core.scheduler:timetable:260 - > Room #6B, Generation #152, Number of conflicts #1
2023-02-19 01:09:22.194 | INFO     | core.scheduler:timetable:260 - > Room #6B, Generation #153, Number of conflicts #1
2023-02-19 01:09:22.283 | INFO     | core.scheduler:timetable:260 - > Room #6B, Generation #154, Number of conflicts #1
2023-02-19 01:09:22.364 | INFO     | core.scheduler:timetable:260 - > Room #6B, Generation #155, Number of conflicts #1
2023-02-19 01:09:22.446 | INFO     | core.scheduler:timetable:260 - > Room #6B, Generation #156, Number of conflicts #1
2023-02-19 01:09:22.516 | INFO     | core.scheduler:timetable:260 - > Room #6B, Generation #157, Number of conflicts #1
2023-02-19 01:09:22.601 | INFO     | core.scheduler:timetable:260 - > Room #6B, Generation #158, Number of conflicts #1
2023-02-19 01:09:22.682 | INFO     | core.scheduler:timetable:260 - > Room #6B, Generation #159, Number of conflicts #1
2023-02-19 01:09:22.757 | INFO     | core.scheduler:timetable:260 - > Room #6B, Generation #160, Number of conflicts #1
2023-02-19 01:09:22.840 | INFO     | core.scheduler:timetable:260 - > Room #6B, Generation #161, Number of conflicts #1
2023-02-19 01:09:22.922 | INFO     | core.scheduler:timetable:260 - > Room #6B, Generation #162, Number of conflicts #1
2023-02-19 01:09:23.004 | INFO     | core.scheduler:timetable:260 - > Room #6B, Generation #163, Number of conflicts #1
2023-02-19 01:09:23.085 | INFO     | core.scheduler:timetable:260 - > Room #6B, Generation #164, Number of conflicts #1
2023-02-19 01:09:23.168 | INFO     | core.scheduler:timetable:260 - > Room #6B, Generation #165, Number of conflicts #1
2023-02-19 01:09:23.258 | INFO     | core.scheduler:timetable:260 - > Room #6B, Generation #166, Number of conflicts #1
2023-02-19 01:09:23.361 | INFO     | core.scheduler:timetable:260 - > Room #6B, Generation #167, Number of conflicts #1
2023-02-19 01:09:23.442 | INFO     | core.scheduler:timetable:260 - > Room #6B, Generation #168, Number of conflicts #1
2023-02-19 01:09:23.516 | INFO     | core.scheduler:timetable:260 - > Room #6B, Generation #169, Number of conflicts #1
2023-02-19 01:09:23.614 | INFO     | core.scheduler:timetable:260 - > Room #6B, Generation #170, Number of conflicts #1
2023-02-19 01:09:23.692 | INFO     | core.scheduler:timetable:260 - > Room #6B, Generation #171, Number of conflicts #1
2023-02-19 01:09:23.812 | INFO     | core.scheduler:timetable:260 - > Room #6B, Generation #172, Number of conflicts #1
2023-02-19 01:09:23.942 | INFO     | core.scheduler:timetable:260 - > Room #6B, Generation #173, Number of conflicts #1
2023-02-19 01:09:24.016 | INFO     | core.scheduler:timetable:260 - > Room #6B, Generation #174, Number of conflicts #1
2023-02-19 01:09:24.095 | INFO     | core.scheduler:timetable:260 - > Room #6B, Generation #175, Number of conflicts #1
2023-02-19 01:09:24.175 | INFO     | core.scheduler:timetable:260 - > Room #6B, Generation #176, Number of conflicts #1
2023-02-19 01:09:24.258 | INFO     | core.scheduler:timetable:260 - > Room #6B, Generation #177, Number of conflicts #1
2023-02-19 01:09:24.344 | INFO     | core.scheduler:timetable:260 - > Room #6B, Generation #178, Number of conflicts #1
2023-02-19 01:09:24.426 | INFO     | core.scheduler:timetable:260 - > Room #6B, Generation #179, Number of conflicts #1
2023-02-19 01:09:24.504 | INFO     | core.scheduler:timetable:260 - > Room #6B, Generation #180, Number of conflicts #1
2023-02-19 01:09:24.594 | INFO     | core.scheduler:timetable:260 - > Room #6B, Generation #181, Number of conflicts #1
2023-02-19 01:09:24.673 | INFO     | core.scheduler:timetable:260 - > Room #6B, Generation #182, Number of conflicts #1
2023-02-19 01:09:24.758 | INFO     | core.scheduler:timetable:260 - > Room #6B, Generation #183, Number of conflicts #1
2023-02-19 01:09:24.838 | INFO     | core.scheduler:timetable:260 - > Room #6B, Generation #184, Number of conflicts #1
2023-02-19 01:09:24.918 | INFO     | core.scheduler:timetable:260 - > Room #6B, Generation #185, Number of conflicts #1
2023-02-19 01:09:25.007 | INFO     | core.scheduler:timetable:260 - > Room #6B, Generation #186, Number of conflicts #1
2023-02-19 01:09:25.089 | INFO     | core.scheduler:timetable:260 - > Room #6B, Generation #187, Number of conflicts #1
2023-02-19 01:09:25.167 | INFO     | core.scheduler:timetable:260 - > Room #6B, Generation #188, Number of conflicts #1
2023-02-19 01:09:25.248 | INFO     | core.scheduler:timetable:260 - > Room #6B, Generation #189, Number of conflicts #1
2023-02-19 01:09:25.323 | INFO     | core.scheduler:timetable:260 - > Room #6B, Generation #190, Number of conflicts #1
2023-02-19 01:09:25.410 | INFO     | core.scheduler:timetable:260 - > Room #6B, Generation #191, Number of conflicts #1
2023-02-19 01:09:25.485 | INFO     | core.scheduler:timetable:260 - > Room #6B, Generation #192, Number of conflicts #1
2023-02-19 01:09:25.566 | INFO     | core.scheduler:timetable:260 - > Room #6B, Generation #193, Number of conflicts #1
2023-02-19 01:09:25.650 | INFO     | core.scheduler:timetable:260 - > Room #6B, Generation #194, Number of conflicts #1
2023-02-19 01:09:25.732 | INFO     | core.scheduler:timetable:260 - > Room #6B, Generation #195, Number of conflicts #1
2023-02-19 01:09:25.819 | INFO     | core.scheduler:timetable:260 - > Room #6B, Generation #196, Number of conflicts #1
2023-02-19 01:09:25.898 | INFO     | core.scheduler:timetable:260 - > Room #6B, Generation #197, Number of conflicts #1
2023-02-19 01:09:25.976 | INFO     | core.scheduler:timetable:260 - > Room #6B, Generation #198, Number of conflicts #1
2023-02-19 01:09:26.062 | INFO     | core.scheduler:timetable:260 - > Room #6B, Generation #199, Number of conflicts #1
2023-02-19 01:09:26.139 | INFO     | core.scheduler:timetable:260 - > Room #6B, Generation #200, Number of conflicts #1
2023-02-19 01:09:26.215 | INFO     | core.scheduler:timetable:260 - > Room #6B, Generation #201, Number of conflicts #1
2023-02-19 01:09:26.293 | INFO     | core.scheduler:timetable:260 - > Room #6B, Generation #202, Number of conflicts #1
2023-02-19 01:09:26.370 | INFO     | core.scheduler:timetable:260 - > Room #6B, Generation #203, Number of conflicts #1
2023-02-19 01:09:26.453 | INFO     | core.scheduler:timetable:260 - > Room #6B, Generation #204, Number of conflicts #1
2023-02-19 01:09:26.532 | INFO     | core.scheduler:timetable:260 - > Room #6B, Generation #205, Number of conflicts #1
2023-02-19 01:09:26.629 | INFO     | core.scheduler:timetable:260 - > Room #6B, Generation #206, Number of conflicts #1
2023-02-19 01:09:26.714 | INFO     | core.scheduler:timetable:260 - > Room #6B, Generation #207, Number of conflicts #1
2023-02-19 01:09:26.798 | INFO     | core.scheduler:timetable:260 - > Room #6B, Generation #208, Number of conflicts #1
2023-02-19 01:09:26.889 | INFO     | core.scheduler:timetable:260 - > Room #6B, Generation #209, Number of conflicts #1
2023-02-19 01:09:26.965 | INFO     | core.scheduler:timetable:260 - > Room #6B, Generation #210, Number of conflicts #1
2023-02-19 01:09:27.049 | INFO     | core.scheduler:timetable:260 - > Room #6B, Generation #211, Number of conflicts #1
2023-02-19 01:09:27.144 | INFO     | core.scheduler:timetable:260 - > Room #6B, Generation #212, Number of conflicts #1
2023-02-19 01:09:27.223 | INFO     | core.scheduler:timetable:260 - > Room #6B, Generation #213, Number of conflicts #1
2023-02-19 01:09:27.310 | INFO     | core.scheduler:timetable:260 - > Room #6B, Generation #214, Number of conflicts #1
2023-02-19 01:09:27.392 | INFO     | core.scheduler:timetable:260 - > Room #6B, Generation #215, Number of conflicts #1
2023-02-19 01:09:27.478 | INFO     | core.scheduler:timetable:260 - > Room #6B, Generation #216, Number of conflicts #1
2023-02-19 01:09:27.551 | INFO     | core.scheduler:timetable:260 - > Room #6B, Generation #217, Number of conflicts #1
2023-02-19 01:09:27.636 | INFO     | core.scheduler:timetable:260 - > Room #6B, Generation #218, Number of conflicts #1
2023-02-19 01:09:27.720 | INFO     | core.scheduler:timetable:260 - > Room #6B, Generation #219, Number of conflicts #1
2023-02-19 01:09:27.801 | INFO     | core.scheduler:timetable:260 - > Room #6B, Generation #220, Number of conflicts #1
2023-02-19 01:09:27.895 | INFO     | core.scheduler:timetable:260 - > Room #6B, Generation #221, Number of conflicts #1
2023-02-19 01:09:27.976 | INFO     | core.scheduler:timetable:260 - > Room #6B, Generation #222, Number of conflicts #1
2023-02-19 01:09:28.051 | INFO     | core.scheduler:timetable:260 - > Room #6B, Generation #223, Number of conflicts #1
2023-02-19 01:09:28.138 | INFO     | core.scheduler:timetable:260 - > Room #6B, Generation #224, Number of conflicts #1
2023-02-19 01:09:28.206 | INFO     | core.scheduler:timetable:260 - > Room #6B, Generation #225, Number of conflicts #1
2023-02-19 01:09:28.285 | INFO     | core.scheduler:timetable:260 - > Room #6B, Generation #226, Number of conflicts #1
2023-02-19 01:09:28.369 | INFO     | core.scheduler:timetable:260 - > Room #6B, Generation #227, Number of conflicts #1
2023-02-19 01:09:28.455 | INFO     | core.scheduler:timetable:260 - > Room #6B, Generation #228, Number of conflicts #1
2023-02-19 01:09:28.535 | INFO     | core.scheduler:timetable:260 - > Room #6B, Generation #229, Number of conflicts #1
2023-02-19 01:09:28.630 | INFO     | core.scheduler:timetable:260 - > Room #6B, Generation #230, Number of conflicts #1
2023-02-19 01:09:28.713 | INFO     | core.scheduler:timetable:260 - > Room #6B, Generation #231, Number of conflicts #1
2023-02-19 01:09:28.792 | INFO     | core.scheduler:timetable:260 - > Room #6B, Generation #232, Number of conflicts #1
2023-02-19 01:09:28.875 | INFO     | core.scheduler:timetable:260 - > Room #6B, Generation #233, Number of conflicts #1
2023-02-19 01:09:28.960 | INFO     | core.scheduler:timetable:260 - > Room #6B, Generation #234, Number of conflicts #1
2023-02-19 01:09:29.039 | INFO     | core.scheduler:timetable:260 - > Room #6B, Generation #235, Number of conflicts #1
2023-02-19 01:09:29.122 | INFO     | core.scheduler:timetable:260 - > Room #6B, Generation #236, Number of conflicts #1
2023-02-19 01:09:29.211 | INFO     | core.scheduler:timetable:260 - > Room #6B, Generation #237, Number of conflicts #1
2023-02-19 01:09:29.302 | INFO     | core.scheduler:timetable:260 - > Room #6B, Generation #238, Number of conflicts #1
2023-02-19 01:09:29.375 | INFO     | core.scheduler:timetable:260 - > Room #6B, Generation #239, Number of conflicts #1
2023-02-19 01:09:29.451 | INFO     | core.scheduler:timetable:260 - > Room #6B, Generation #240, Number of conflicts #1
2023-02-19 01:09:29.541 | INFO     | core.scheduler:timetable:260 - > Room #6B, Generation #241, Number of conflicts #1
2023-02-19 01:09:29.619 | INFO     | core.scheduler:timetable:260 - > Room #6B, Generation #242, Number of conflicts #1
2023-02-19 01:09:29.699 | INFO     | core.scheduler:timetable:260 - > Room #6B, Generation #243, Number of conflicts #1
2023-02-19 01:09:29.779 | INFO     | core.scheduler:timetable:260 - > Room #6B, Generation #244, Number of conflicts #1
2023-02-19 01:09:29.864 | INFO     | core.scheduler:timetable:260 - > Room #6B, Generation #245, Number of conflicts #1
2023-02-19 01:09:29.948 | INFO     | core.scheduler:timetable:260 - > Room #6B, Generation #246, Number of conflicts #1
2023-02-19 01:09:30.030 | INFO     | core.scheduler:timetable:260 - > Room #6B, Generation #247, Number of conflicts #1
2023-02-19 01:09:30.113 | INFO     | core.scheduler:timetable:260 - > Room #6B, Generation #248, Number of conflicts #1
2023-02-19 01:09:30.191 | INFO     | core.scheduler:timetable:260 - > Room #6B, Generation #249, Number of conflicts #1
2023-02-19 01:09:30.280 | INFO     | core.scheduler:timetable:260 - > Room #6B, Generation #250, Number of conflicts #1
2023-02-19 01:09:30.364 | INFO     | core.scheduler:timetable:260 - > Room #6B, Generation #251, Number of conflicts #1
2023-02-19 01:09:30.446 | INFO     | core.scheduler:timetable:260 - > Room #6B, Generation #252, Number of conflicts #1
2023-02-19 01:09:30.532 | INFO     | core.scheduler:timetable:260 - > Room #6B, Generation #253, Number of conflicts #1
2023-02-19 01:09:30.615 | INFO     | core.scheduler:timetable:260 - > Room #6B, Generation #254, Number of conflicts #1
2023-02-19 01:09:30.695 | INFO     | core.scheduler:timetable:260 - > Room #6B, Generation #255, Number of conflicts #1
2023-02-19 01:09:30.778 | INFO     | core.scheduler:timetable:260 - > Room #6B, Generation #256, Number of conflicts #1
2023-02-19 01:09:30.864 | INFO     | core.scheduler:timetable:260 - > Room #6B, Generation #257, Number of conflicts #1
2023-02-19 01:09:30.942 | INFO     | core.scheduler:timetable:260 - > Room #6B, Generation #258, Number of conflicts #1
2023-02-19 01:09:31.025 | INFO     | core.scheduler:timetable:260 - > Room #6B, Generation #259, Number of conflicts #1
2023-02-19 01:09:31.106 | INFO     | core.scheduler:timetable:260 - > Room #6B, Generation #260, Number of conflicts #1
2023-02-19 01:09:31.185 | INFO     | core.scheduler:timetable:260 - > Room #6B, Generation #261, Number of conflicts #1
2023-02-19 01:09:31.278 | INFO     | core.scheduler:timetable:260 - > Room #6B, Generation #262, Number of conflicts #1
2023-02-19 01:09:31.355 | INFO     | core.scheduler:timetable:260 - > Room #6B, Generation #263, Number of conflicts #1
2023-02-19 01:09:31.449 | INFO     | core.scheduler:timetable:260 - > Room #6B, Generation #264, Number of conflicts #1
2023-02-19 01:09:31.539 | INFO     | core.scheduler:timetable:260 - > Room #6B, Generation #265, Number of conflicts #1
2023-02-19 01:09:31.614 | INFO     | core.scheduler:timetable:260 - > Room #6B, Generation #266, Number of conflicts #1
2023-02-19 01:09:31.703 | INFO     | core.scheduler:timetable:260 - > Room #6B, Generation #267, Number of conflicts #1
2023-02-19 01:09:31.781 | INFO     | core.scheduler:timetable:260 - > Room #6B, Generation #268, Number of conflicts #1
2023-02-19 01:09:31.861 | INFO     | core.scheduler:timetable:260 - > Room #6B, Generation #269, Number of conflicts #1
2023-02-19 01:09:31.941 | INFO     | core.scheduler:timetable:260 - > Room #6B, Generation #270, Number of conflicts #1
2023-02-19 01:09:32.019 | INFO     | core.scheduler:timetable:260 - > Room #6B, Generation #271, Number of conflicts #1
2023-02-19 01:09:32.112 | INFO     | core.scheduler:timetable:260 - > Room #6B, Generation #272, Number of conflicts #1
2023-02-19 01:09:32.194 | INFO     | core.scheduler:timetable:260 - > Room #6B, Generation #273, Number of conflicts #1
2023-02-19 01:09:32.275 | INFO     | core.scheduler:timetable:260 - > Room #6B, Generation #274, Number of conflicts #1
2023-02-19 01:09:32.356 | INFO     | core.scheduler:timetable:260 - > Room #6B, Generation #275, Number of conflicts #1
2023-02-19 01:09:32.439 | INFO     | core.scheduler:timetable:260 - > Room #6B, Generation #276, Number of conflicts #1
2023-02-19 01:09:32.522 | INFO     | core.scheduler:timetable:260 - > Room #6B, Generation #277, Number of conflicts #1
2023-02-19 01:09:32.605 | INFO     | core.scheduler:timetable:260 - > Room #6B, Generation #278, Number of conflicts #1
2023-02-19 01:09:32.687 | INFO     | core.scheduler:timetable:260 - > Room #6B, Generation #279, Number of conflicts #1
2023-02-19 01:09:32.775 | INFO     | core.scheduler:timetable:260 - > Room #6B, Generation #280, Number of conflicts #1
2023-02-19 01:09:32.854 | INFO     | core.scheduler:timetable:260 - > Room #6B, Generation #281, Number of conflicts #1
2023-02-19 01:09:32.935 | INFO     | core.scheduler:timetable:260 - > Room #6B, Generation #282, Number of conflicts #1
2023-02-19 01:09:33.028 | INFO     | core.scheduler:timetable:260 - > Room #6B, Generation #283, Number of conflicts #1
2023-02-19 01:09:33.109 | INFO     | core.scheduler:timetable:260 - > Room #6B, Generation #284, Number of conflicts #1
2023-02-19 01:09:33.199 | INFO     | core.scheduler:timetable:260 - > Room #6B, Generation #285, Number of conflicts #1
2023-02-19 01:09:33.278 | INFO     | core.scheduler:timetable:260 - > Room #6B, Generation #286, Number of conflicts #1
2023-02-19 01:09:33.371 | INFO     | core.scheduler:timetable:260 - > Room #6B, Generation #287, Number of conflicts #1
2023-02-19 01:09:33.446 | INFO     | core.scheduler:timetable:260 - > Room #6B, Generation #288, Number of conflicts #1
2023-02-19 01:09:33.527 | INFO     | core.scheduler:timetable:260 - > Room #6B, Generation #289, Number of conflicts #1
2023-02-19 01:09:33.609 | INFO     | core.scheduler:timetable:260 - > Room #6B, Generation #290, Number of conflicts #0
2023-02-19 01:09:33.626 | INFO     | core.scheduler:timetable:287 - > Schedule #6B, Number of conflicts #0 
   Room         2          3          4          5          6              7
1   6B   Chao Co   Hoa_Ho01    Su_Su01  Toan_To01  Sinh_Si01        Ly_Ly01
2   6B  The_Th01   Hoa_Ho01   Tin_Ti01   Anh_An01   Van_Va01       Anh_An01
3   6B  Van_Va01  Toan_To01  Sinh_Si01   Hoa_Ho01   Van_Va01       The_Th01
4   6B   Ly_Ly01  Toan_To01  GDCD_GD01   Dia_Di01    CN_To01      Toan_To01
5   6B   Ly_Ly01              Van_Va01              Tin_Ti01  Sinh Hoat Lop
2023-02-19 01:09:33.743 | INFO     | core.scheduler:timetable:260 - > Room #6C, Generation #1, Number of conflicts #13
2023-02-19 01:09:33.823 | INFO     | core.scheduler:timetable:260 - > Room #6C, Generation #2, Number of conflicts #13
2023-02-19 01:09:33.899 | INFO     | core.scheduler:timetable:260 - > Room #6C, Generation #3, Number of conflicts #13
2023-02-19 01:09:33.981 | INFO     | core.scheduler:timetable:260 - > Room #6C, Generation #4, Number of conflicts #12
2023-02-19 01:09:34.060 | INFO     | core.scheduler:timetable:260 - > Room #6C, Generation #5, Number of conflicts #11
2023-02-19 01:09:34.156 | INFO     | core.scheduler:timetable:260 - > Room #6C, Generation #6, Number of conflicts #11
2023-02-19 01:09:34.240 | INFO     | core.scheduler:timetable:260 - > Room #6C, Generation #7, Number of conflicts #11
2023-02-19 01:09:34.324 | INFO     | core.scheduler:timetable:260 - > Room #6C, Generation #8, Number of conflicts #10
2023-02-19 01:09:34.401 | INFO     | core.scheduler:timetable:260 - > Room #6C, Generation #9, Number of conflicts #9
2023-02-19 01:09:34.478 | INFO     | core.scheduler:timetable:260 - > Room #6C, Generation #10, Number of conflicts #9
2023-02-19 01:09:34.561 | INFO     | core.scheduler:timetable:260 - > Room #6C, Generation #11, Number of conflicts #9
2023-02-19 01:09:34.661 | INFO     | core.scheduler:timetable:260 - > Room #6C, Generation #12, Number of conflicts #8
2023-02-19 01:09:34.742 | INFO     | core.scheduler:timetable:260 - > Room #6C, Generation #13, Number of conflicts #7
2023-02-19 01:09:34.826 | INFO     | core.scheduler:timetable:260 - > Room #6C, Generation #14, Number of conflicts #7
2023-02-19 01:09:34.913 | INFO     | core.scheduler:timetable:260 - > Room #6C, Generation #15, Number of conflicts #5
2023-02-19 01:09:35.049 | INFO     | core.scheduler:timetable:260 - > Room #6C, Generation #16, Number of conflicts #5
2023-02-19 01:09:35.159 | INFO     | core.scheduler:timetable:260 - > Room #6C, Generation #17, Number of conflicts #5
2023-02-19 01:09:35.243 | INFO     | core.scheduler:timetable:260 - > Room #6C, Generation #18, Number of conflicts #4
2023-02-19 01:09:35.329 | INFO     | core.scheduler:timetable:260 - > Room #6C, Generation #19, Number of conflicts #4
2023-02-19 01:09:35.410 | INFO     | core.scheduler:timetable:260 - > Room #6C, Generation #20, Number of conflicts #4
2023-02-19 01:09:35.489 | INFO     | core.scheduler:timetable:260 - > Room #6C, Generation #21, Number of conflicts #2
2023-02-19 01:09:35.570 | INFO     | core.scheduler:timetable:260 - > Room #6C, Generation #22, Number of conflicts #2
2023-02-19 01:09:35.657 | INFO     | core.scheduler:timetable:260 - > Room #6C, Generation #23, Number of conflicts #2
2023-02-19 01:09:35.734 | INFO     | core.scheduler:timetable:260 - > Room #6C, Generation #24, Number of conflicts #2
2023-02-19 01:09:35.812 | INFO     | core.scheduler:timetable:260 - > Room #6C, Generation #25, Number of conflicts #2
2023-02-19 01:09:35.901 | INFO     | core.scheduler:timetable:260 - > Room #6C, Generation #26, Number of conflicts #2
2023-02-19 01:09:35.978 | INFO     | core.scheduler:timetable:260 - > Room #6C, Generation #27, Number of conflicts #2
2023-02-19 01:09:36.059 | INFO     | core.scheduler:timetable:260 - > Room #6C, Generation #28, Number of conflicts #2
2023-02-19 01:09:36.139 | INFO     | core.scheduler:timetable:260 - > Room #6C, Generation #29, Number of conflicts #2
2023-02-19 01:09:36.222 | INFO     | core.scheduler:timetable:260 - > Room #6C, Generation #30, Number of conflicts #2
2023-02-19 01:09:36.305 | INFO     | core.scheduler:timetable:260 - > Room #6C, Generation #31, Number of conflicts #2
2023-02-19 01:09:36.379 | INFO     | core.scheduler:timetable:260 - > Room #6C, Generation #32, Number of conflicts #2
2023-02-19 01:09:36.460 | INFO     | core.scheduler:timetable:260 - > Room #6C, Generation #33, Number of conflicts #2
2023-02-19 01:09:36.536 | INFO     | core.scheduler:timetable:260 - > Room #6C, Generation #34, Number of conflicts #2
2023-02-19 01:09:36.615 | INFO     | core.scheduler:timetable:260 - > Room #6C, Generation #35, Number of conflicts #2
2023-02-19 01:09:36.695 | INFO     | core.scheduler:timetable:260 - > Room #6C, Generation #36, Number of conflicts #2
2023-02-19 01:09:36.773 | INFO     | core.scheduler:timetable:260 - > Room #6C, Generation #37, Number of conflicts #2
2023-02-19 01:09:36.856 | INFO     | core.scheduler:timetable:260 - > Room #6C, Generation #38, Number of conflicts #2
2023-02-19 01:09:36.946 | INFO     | core.scheduler:timetable:260 - > Room #6C, Generation #39, Number of conflicts #2
2023-02-19 01:09:37.031 | INFO     | core.scheduler:timetable:260 - > Room #6C, Generation #40, Number of conflicts #2
2023-02-19 01:09:37.101 | INFO     | core.scheduler:timetable:260 - > Room #6C, Generation #41, Number of conflicts #2
2023-02-19 01:09:37.176 | INFO     | core.scheduler:timetable:260 - > Room #6C, Generation #42, Number of conflicts #2
2023-02-19 01:09:37.254 | INFO     | core.scheduler:timetable:260 - > Room #6C, Generation #43, Number of conflicts #2
2023-02-19 01:09:37.338 | INFO     | core.scheduler:timetable:260 - > Room #6C, Generation #44, Number of conflicts #2
2023-02-19 01:09:37.428 | INFO     | core.scheduler:timetable:260 - > Room #6C, Generation #45, Number of conflicts #2
2023-02-19 01:09:37.516 | INFO     | core.scheduler:timetable:260 - > Room #6C, Generation #46, Number of conflicts #2
2023-02-19 01:09:37.601 | INFO     | core.scheduler:timetable:260 - > Room #6C, Generation #47, Number of conflicts #2
2023-02-19 01:09:37.684 | INFO     | core.scheduler:timetable:260 - > Room #6C, Generation #48, Number of conflicts #2
2023-02-19 01:09:37.760 | INFO     | core.scheduler:timetable:260 - > Room #6C, Generation #49, Number of conflicts #2
2023-02-19 01:09:37.852 | INFO     | core.scheduler:timetable:260 - > Room #6C, Generation #50, Number of conflicts #2
2023-02-19 01:09:37.932 | INFO     | core.scheduler:timetable:260 - > Room #6C, Generation #51, Number of conflicts #2
2023-02-19 01:09:38.019 | INFO     | core.scheduler:timetable:260 - > Room #6C, Generation #52, Number of conflicts #2
2023-02-19 01:09:38.099 | INFO     | core.scheduler:timetable:260 - > Room #6C, Generation #53, Number of conflicts #2
2023-02-19 01:09:38.190 | INFO     | core.scheduler:timetable:260 - > Room #6C, Generation #54, Number of conflicts #2
2023-02-19 01:09:38.276 | INFO     | core.scheduler:timetable:260 - > Room #6C, Generation #55, Number of conflicts #2
2023-02-19 01:09:38.358 | INFO     | core.scheduler:timetable:260 - > Room #6C, Generation #56, Number of conflicts #2
2023-02-19 01:09:38.443 | INFO     | core.scheduler:timetable:260 - > Room #6C, Generation #57, Number of conflicts #2
2023-02-19 01:09:38.524 | INFO     | core.scheduler:timetable:260 - > Room #6C, Generation #58, Number of conflicts #2
2023-02-19 01:09:38.613 | INFO     | core.scheduler:timetable:260 - > Room #6C, Generation #59, Number of conflicts #2
2023-02-19 01:09:38.696 | INFO     | core.scheduler:timetable:260 - > Room #6C, Generation #60, Number of conflicts #2
2023-02-19 01:09:38.780 | INFO     | core.scheduler:timetable:260 - > Room #6C, Generation #61, Number of conflicts #2
2023-02-19 01:09:38.864 | INFO     | core.scheduler:timetable:260 - > Room #6C, Generation #62, Number of conflicts #2
2023-02-19 01:09:38.945 | INFO     | core.scheduler:timetable:260 - > Room #6C, Generation #63, Number of conflicts #2
2023-02-19 01:09:39.027 | INFO     | core.scheduler:timetable:260 - > Room #6C, Generation #64, Number of conflicts #2
2023-02-19 01:09:39.108 | INFO     | core.scheduler:timetable:260 - > Room #6C, Generation #65, Number of conflicts #2
2023-02-19 01:09:39.184 | INFO     | core.scheduler:timetable:260 - > Room #6C, Generation #66, Number of conflicts #2
2023-02-19 01:09:39.266 | INFO     | core.scheduler:timetable:260 - > Room #6C, Generation #67, Number of conflicts #2
2023-02-19 01:09:39.349 | INFO     | core.scheduler:timetable:260 - > Room #6C, Generation #68, Number of conflicts #2
2023-02-19 01:09:39.428 | INFO     | core.scheduler:timetable:260 - > Room #6C, Generation #69, Number of conflicts #2
2023-02-19 01:09:39.512 | INFO     | core.scheduler:timetable:260 - > Room #6C, Generation #70, Number of conflicts #1
2023-02-19 01:09:39.591 | INFO     | core.scheduler:timetable:260 - > Room #6C, Generation #71, Number of conflicts #1
2023-02-19 01:09:39.671 | INFO     | core.scheduler:timetable:260 - > Room #6C, Generation #72, Number of conflicts #1
2023-02-19 01:09:39.760 | INFO     | core.scheduler:timetable:260 - > Room #6C, Generation #73, Number of conflicts #1
2023-02-19 01:09:39.838 | INFO     | core.scheduler:timetable:260 - > Room #6C, Generation #74, Number of conflicts #1
2023-02-19 01:09:39.924 | INFO     | core.scheduler:timetable:260 - > Room #6C, Generation #75, Number of conflicts #1
2023-02-19 01:09:39.997 | INFO     | core.scheduler:timetable:260 - > Room #6C, Generation #76, Number of conflicts #1
2023-02-19 01:09:40.078 | INFO     | core.scheduler:timetable:260 - > Room #6C, Generation #77, Number of conflicts #1
2023-02-19 01:09:40.157 | INFO     | core.scheduler:timetable:260 - > Room #6C, Generation #78, Number of conflicts #1
2023-02-19 01:09:40.240 | INFO     | core.scheduler:timetable:260 - > Room #6C, Generation #79, Number of conflicts #1
2023-02-19 01:09:40.333 | INFO     | core.scheduler:timetable:260 - > Room #6C, Generation #80, Number of conflicts #1
2023-02-19 01:09:40.408 | INFO     | core.scheduler:timetable:260 - > Room #6C, Generation #81, Number of conflicts #1
2023-02-19 01:09:40.487 | INFO     | core.scheduler:timetable:260 - > Room #6C, Generation #82, Number of conflicts #1
2023-02-19 01:09:40.574 | INFO     | core.scheduler:timetable:260 - > Room #6C, Generation #83, Number of conflicts #1
2023-02-19 01:09:40.651 | INFO     | core.scheduler:timetable:260 - > Room #6C, Generation #84, Number of conflicts #1
2023-02-19 01:09:40.735 | INFO     | core.scheduler:timetable:260 - > Room #6C, Generation #85, Number of conflicts #1
2023-02-19 01:09:40.815 | INFO     | core.scheduler:timetable:260 - > Room #6C, Generation #86, Number of conflicts #1
2023-02-19 01:09:40.897 | INFO     | core.scheduler:timetable:260 - > Room #6C, Generation #87, Number of conflicts #1
2023-02-19 01:09:40.984 | INFO     | core.scheduler:timetable:260 - > Room #6C, Generation #88, Number of conflicts #1
2023-02-19 01:09:41.066 | INFO     | core.scheduler:timetable:260 - > Room #6C, Generation #89, Number of conflicts #1
2023-02-19 01:09:41.151 | INFO     | core.scheduler:timetable:260 - > Room #6C, Generation #90, Number of conflicts #1
2023-02-19 01:09:41.229 | INFO     | core.scheduler:timetable:260 - > Room #6C, Generation #91, Number of conflicts #1
2023-02-19 01:09:41.312 | INFO     | core.scheduler:timetable:260 - > Room #6C, Generation #92, Number of conflicts #1
2023-02-19 01:09:41.398 | INFO     | core.scheduler:timetable:260 - > Room #6C, Generation #93, Number of conflicts #1
2023-02-19 01:09:41.485 | INFO     | core.scheduler:timetable:260 - > Room #6C, Generation #94, Number of conflicts #1
2023-02-19 01:09:41.575 | INFO     | core.scheduler:timetable:260 - > Room #6C, Generation #95, Number of conflicts #1
2023-02-19 01:09:41.652 | INFO     | core.scheduler:timetable:260 - > Room #6C, Generation #96, Number of conflicts #1
2023-02-19 01:09:41.735 | INFO     | core.scheduler:timetable:260 - > Room #6C, Generation #97, Number of conflicts #1
2023-02-19 01:09:41.827 | INFO     | core.scheduler:timetable:260 - > Room #6C, Generation #98, Number of conflicts #1
2023-02-19 01:09:41.902 | INFO     | core.scheduler:timetable:260 - > Room #6C, Generation #99, Number of conflicts #1
2023-02-19 01:09:41.984 | INFO     | core.scheduler:timetable:260 - > Room #6C, Generation #100, Number of conflicts #1
2023-02-19 01:09:42.071 | INFO     | core.scheduler:timetable:260 - > Room #6C, Generation #101, Number of conflicts #1
2023-02-19 01:09:42.168 | INFO     | core.scheduler:timetable:260 - > Room #6C, Generation #102, Number of conflicts #1
2023-02-19 01:09:42.240 | INFO     | core.scheduler:timetable:260 - > Room #6C, Generation #103, Number of conflicts #1
2023-02-19 01:09:42.324 | INFO     | core.scheduler:timetable:260 - > Room #6C, Generation #104, Number of conflicts #1
2023-02-19 01:09:42.411 | INFO     | core.scheduler:timetable:260 - > Room #6C, Generation #105, Number of conflicts #1
2023-02-19 01:09:42.492 | INFO     | core.scheduler:timetable:260 - > Room #6C, Generation #106, Number of conflicts #1
2023-02-19 01:09:42.575 | INFO     | core.scheduler:timetable:260 - > Room #6C, Generation #107, Number of conflicts #1
2023-02-19 01:09:42.657 | INFO     | core.scheduler:timetable:260 - > Room #6C, Generation #108, Number of conflicts #1
2023-02-19 01:09:42.731 | INFO     | core.scheduler:timetable:260 - > Room #6C, Generation #109, Number of conflicts #1
2023-02-19 01:09:42.809 | INFO     | core.scheduler:timetable:260 - > Room #6C, Generation #110, Number of conflicts #1
2023-02-19 01:09:42.891 | INFO     | core.scheduler:timetable:260 - > Room #6C, Generation #111, Number of conflicts #1
2023-02-19 01:09:42.974 | INFO     | core.scheduler:timetable:260 - > Room #6C, Generation #112, Number of conflicts #1
2023-02-19 01:09:43.058 | INFO     | core.scheduler:timetable:260 - > Room #6C, Generation #113, Number of conflicts #1
2023-02-19 01:09:43.154 | INFO     | core.scheduler:timetable:260 - > Room #6C, Generation #114, Number of conflicts #1
2023-02-19 01:09:43.239 | INFO     | core.scheduler:timetable:260 - > Room #6C, Generation #115, Number of conflicts #1
2023-02-19 01:09:43.317 | INFO     | core.scheduler:timetable:260 - > Room #6C, Generation #116, Number of conflicts #1
2023-02-19 01:09:43.405 | INFO     | core.scheduler:timetable:260 - > Room #6C, Generation #117, Number of conflicts #1
2023-02-19 01:09:43.493 | INFO     | core.scheduler:timetable:260 - > Room #6C, Generation #118, Number of conflicts #1
2023-02-19 01:09:43.583 | INFO     | core.scheduler:timetable:260 - > Room #6C, Generation #119, Number of conflicts #1
2023-02-19 01:09:43.674 | INFO     | core.scheduler:timetable:260 - > Room #6C, Generation #120, Number of conflicts #1
2023-02-19 01:09:43.756 | INFO     | core.scheduler:timetable:260 - > Room #6C, Generation #121, Number of conflicts #1
2023-02-19 01:09:43.845 | INFO     | core.scheduler:timetable:260 - > Room #6C, Generation #122, Number of conflicts #1
2023-02-19 01:09:43.928 | INFO     | core.scheduler:timetable:260 - > Room #6C, Generation #123, Number of conflicts #1
2023-02-19 01:09:44.004 | INFO     | core.scheduler:timetable:260 - > Room #6C, Generation #124, Number of conflicts #1
2023-02-19 01:09:44.086 | INFO     | core.scheduler:timetable:260 - > Room #6C, Generation #125, Number of conflicts #1
2023-02-19 01:09:44.177 | INFO     | core.scheduler:timetable:260 - > Room #6C, Generation #126, Number of conflicts #1
2023-02-19 01:09:44.265 | INFO     | core.scheduler:timetable:260 - > Room #6C, Generation #127, Number of conflicts #1
2023-02-19 01:09:44.345 | INFO     | core.scheduler:timetable:260 - > Room #6C, Generation #128, Number of conflicts #0
2023-02-19 01:09:44.362 | INFO     | core.scheduler:timetable:287 - > Schedule #6C, Number of conflicts #0 
   Room          2         3          4          5          6              7
1   6C    Chao Co   Ly_Ly01   Van_Va01    Su_Su01  Toan_To01       Van_Va01
2   6C   Van_Va01   Ly_Ly01   Van_Va01  GDCD_GD01  Toan_To01      Sinh_Si01
3   6C    CN_To01  Anh_An01   Hoa_Ho01   Dia_Di01   The_Th01       Anh_An01
4   6C  Toan_To01  Tin_Ti01  Sinh_Si01    Ly_Ly01   Tin_Ti01       Hoa_Ho01
5   6C   Hoa_Ho01  The_Th01  Toan_To01                        Sinh Hoat Lop
