2023-02-12 19:06:32.445 | INFO     | core.scheduler:timetable:234 - > Generation #1, Number of conflicts #41
2023-02-12 19:06:33.580 | INFO     | core.scheduler:timetable:234 - > Generation #2, Number of conflicts #39
2023-02-12 19:06:34.696 | INFO     | core.scheduler:timetable:234 - > Generation #3, Number of conflicts #37
2023-02-12 19:06:35.731 | INFO     | core.scheduler:timetable:234 - > Generation #4, Number of conflicts #35
2023-02-12 19:06:36.753 | INFO     | core.scheduler:timetable:234 - > Generation #5, Number of conflicts #30
2023-02-12 19:06:37.808 | INFO     | core.scheduler:timetable:234 - > Generation #6, Number of conflicts #30
2023-02-12 19:06:38.837 | INFO     | core.scheduler:timetable:234 - > Generation #7, Number of conflicts #30
2023-02-12 19:06:39.850 | INFO     | core.scheduler:timetable:234 - > Generation #8, Number of conflicts #30
2023-02-12 19:06:40.879 | INFO     | core.scheduler:timetable:234 - > Generation #9, Number of conflicts #30
2023-02-12 19:06:41.948 | INFO     | core.scheduler:timetable:234 - > Generation #10, Number of conflicts #30
2023-02-12 19:06:42.975 | INFO     | core.scheduler:timetable:234 - > Generation #11, Number of conflicts #30
2023-02-12 19:06:44.050 | INFO     | core.scheduler:timetable:234 - > Generation #12, Number of conflicts #30
2023-02-12 19:06:45.087 | INFO     | core.scheduler:timetable:234 - > Generation #13, Number of conflicts #30
2023-02-12 19:06:46.092 | INFO     | core.scheduler:timetable:234 - > Generation #14, Number of conflicts #30
2023-02-12 19:06:47.104 | INFO     | core.scheduler:timetable:234 - > Generation #15, Number of conflicts #29
2023-02-12 19:06:48.134 | INFO     | core.scheduler:timetable:234 - > Generation #16, Number of conflicts #25
2023-02-12 19:06:49.154 | INFO     | core.scheduler:timetable:234 - > Generation #17, Number of conflicts #25
2023-02-12 19:06:50.186 | INFO     | core.scheduler:timetable:234 - > Generation #18, Number of conflicts #25
2023-02-12 19:06:51.305 | INFO     | core.scheduler:timetable:234 - > Generation #19, Number of conflicts #25
2023-02-12 19:06:52.414 | INFO     | core.scheduler:timetable:234 - > Generation #20, Number of conflicts #25
2023-02-12 19:06:53.499 | INFO     | core.scheduler:timetable:234 - > Generation #21, Number of conflicts #25
2023-02-12 19:06:54.696 | INFO     | core.scheduler:timetable:234 - > Generation #22, Number of conflicts #25
2023-02-12 19:06:55.786 | INFO     | core.scheduler:timetable:234 - > Generation #23, Number of conflicts #24
2023-02-12 19:06:56.852 | INFO     | core.scheduler:timetable:234 - > Generation #24, Number of conflicts #23
2023-02-12 19:06:57.889 | INFO     | core.scheduler:timetable:234 - > Generation #25, Number of conflicts #23
2023-02-12 19:06:58.923 | INFO     | core.scheduler:timetable:234 - > Generation #26, Number of conflicts #23
2023-02-12 19:06:59.945 | INFO     | core.scheduler:timetable:234 - > Generation #27, Number of conflicts #21
2023-02-12 19:07:00.987 | INFO     | core.scheduler:timetable:234 - > Generation #28, Number of conflicts #20
2023-02-12 19:07:02.007 | INFO     | core.scheduler:timetable:234 - > Generation #29, Number of conflicts #20
2023-02-12 19:07:03.063 | INFO     | core.scheduler:timetable:234 - > Generation #30, Number of conflicts #19
2023-02-12 19:07:04.242 | INFO     | core.scheduler:timetable:234 - > Generation #31, Number of conflicts #19
2023-02-12 19:07:05.363 | INFO     | core.scheduler:timetable:234 - > Generation #32, Number of conflicts #19
2023-02-12 19:07:06.450 | INFO     | core.scheduler:timetable:234 - > Generation #33, Number of conflicts #19
2023-02-12 19:07:07.555 | INFO     | core.scheduler:timetable:234 - > Generation #34, Number of conflicts #19
2023-02-12 19:07:08.596 | INFO     | core.scheduler:timetable:234 - > Generation #35, Number of conflicts #19
2023-02-12 19:07:09.646 | INFO     | core.scheduler:timetable:234 - > Generation #36, Number of conflicts #18
2023-02-12 19:07:10.738 | INFO     | core.scheduler:timetable:234 - > Generation #37, Number of conflicts #16
2023-02-12 19:07:11.837 | INFO     | core.scheduler:timetable:234 - > Generation #38, Number of conflicts #15
2023-02-12 19:07:12.881 | INFO     | core.scheduler:timetable:234 - > Generation #39, Number of conflicts #15
2023-02-12 19:07:13.953 | INFO     | core.scheduler:timetable:234 - > Generation #40, Number of conflicts #15
2023-02-12 19:07:14.995 | INFO     | core.scheduler:timetable:234 - > Generation #41, Number of conflicts #15
2023-02-12 19:07:16.017 | INFO     | core.scheduler:timetable:234 - > Generation #42, Number of conflicts #15
2023-02-12 19:07:17.031 | INFO     | core.scheduler:timetable:234 - > Generation #43, Number of conflicts #13
2023-02-12 19:07:18.082 | INFO     | core.scheduler:timetable:234 - > Generation #44, Number of conflicts #13
2023-02-12 19:07:19.079 | INFO     | core.scheduler:timetable:234 - > Generation #45, Number of conflicts #12
2023-02-12 19:07:20.105 | INFO     | core.scheduler:timetable:234 - > Generation #46, Number of conflicts #11
2023-02-12 19:07:21.138 | INFO     | core.scheduler:timetable:234 - > Generation #47, Number of conflicts #11
2023-02-12 19:07:22.158 | INFO     | core.scheduler:timetable:234 - > Generation #48, Number of conflicts #11
2023-02-12 19:07:23.193 | INFO     | core.scheduler:timetable:234 - > Generation #49, Number of conflicts #11
2023-02-12 19:07:24.228 | INFO     | core.scheduler:timetable:234 - > Generation #50, Number of conflicts #11
2023-02-12 19:07:25.290 | INFO     | core.scheduler:timetable:234 - > Generation #51, Number of conflicts #11
2023-02-12 19:07:26.452 | INFO     | core.scheduler:timetable:234 - > Generation #52, Number of conflicts #10
2023-02-12 19:07:27.590 | INFO     | core.scheduler:timetable:234 - > Generation #53, Number of conflicts #10
2023-02-12 19:07:28.741 | INFO     | core.scheduler:timetable:234 - > Generation #54, Number of conflicts #9
2023-02-12 19:07:29.973 | INFO     | core.scheduler:timetable:234 - > Generation #55, Number of conflicts #8
2023-02-12 19:07:31.038 | INFO     | core.scheduler:timetable:234 - > Generation #56, Number of conflicts #8
2023-02-12 19:07:32.047 | INFO     | core.scheduler:timetable:234 - > Generation #57, Number of conflicts #8
2023-02-12 19:07:33.105 | INFO     | core.scheduler:timetable:234 - > Generation #58, Number of conflicts #7
2023-02-12 19:07:34.118 | INFO     | core.scheduler:timetable:234 - > Generation #59, Number of conflicts #7
2023-02-12 19:07:35.152 | INFO     | core.scheduler:timetable:234 - > Generation #60, Number of conflicts #7
2023-02-12 19:07:36.154 | INFO     | core.scheduler:timetable:234 - > Generation #61, Number of conflicts #7
2023-02-12 19:07:37.166 | INFO     | core.scheduler:timetable:234 - > Generation #62, Number of conflicts #6
2023-02-12 19:07:38.182 | INFO     | core.scheduler:timetable:234 - > Generation #63, Number of conflicts #6
2023-02-12 19:07:39.234 | INFO     | core.scheduler:timetable:234 - > Generation #64, Number of conflicts #6
2023-02-12 19:07:40.243 | INFO     | core.scheduler:timetable:234 - > Generation #65, Number of conflicts #5
2023-02-12 19:07:41.278 | INFO     | core.scheduler:timetable:234 - > Generation #66, Number of conflicts #5
2023-02-12 19:07:42.284 | INFO     | core.scheduler:timetable:234 - > Generation #67, Number of conflicts #4
2023-02-12 19:07:43.279 | INFO     | core.scheduler:timetable:234 - > Generation #68, Number of conflicts #4
2023-02-12 19:07:44.313 | INFO     | core.scheduler:timetable:234 - > Generation #69, Number of conflicts #4
2023-02-12 19:07:45.344 | INFO     | core.scheduler:timetable:234 - > Generation #70, Number of conflicts #4
2023-02-12 19:07:46.363 | INFO     | core.scheduler:timetable:234 - > Generation #71, Number of conflicts #3
2023-02-12 19:07:47.443 | INFO     | core.scheduler:timetable:234 - > Generation #72, Number of conflicts #3
2023-02-12 19:07:48.474 | INFO     | core.scheduler:timetable:234 - > Generation #73, Number of conflicts #3
2023-02-12 19:07:49.510 | INFO     | core.scheduler:timetable:234 - > Generation #74, Number of conflicts #3
2023-02-12 19:07:50.496 | INFO     | core.scheduler:timetable:234 - > Generation #75, Number of conflicts #3
2023-02-12 19:07:51.522 | INFO     | core.scheduler:timetable:234 - > Generation #76, Number of conflicts #3
2023-02-12 19:07:52.534 | INFO     | core.scheduler:timetable:234 - > Generation #77, Number of conflicts #3
2023-02-12 19:07:53.557 | INFO     | core.scheduler:timetable:234 - > Generation #78, Number of conflicts #3
2023-02-12 19:07:54.628 | INFO     | core.scheduler:timetable:234 - > Generation #79, Number of conflicts #2
2023-02-12 19:07:55.646 | INFO     | core.scheduler:timetable:234 - > Generation #80, Number of conflicts #2
2023-02-12 19:07:56.679 | INFO     | core.scheduler:timetable:234 - > Generation #81, Number of conflicts #2
2023-02-12 19:07:57.859 | INFO     | core.scheduler:timetable:234 - > Generation #82, Number of conflicts #2
2023-02-12 19:07:58.912 | INFO     | core.scheduler:timetable:234 - > Generation #83, Number of conflicts #2
2023-02-12 19:08:00.059 | INFO     | core.scheduler:timetable:234 - > Generation #84, Number of conflicts #2
2023-02-12 19:08:01.150 | INFO     | core.scheduler:timetable:234 - > Generation #85, Number of conflicts #2
2023-02-12 19:08:02.200 | INFO     | core.scheduler:timetable:234 - > Generation #86, Number of conflicts #2
2023-02-12 19:08:03.211 | INFO     | core.scheduler:timetable:234 - > Generation #87, Number of conflicts #2
2023-02-12 19:08:04.265 | INFO     | core.scheduler:timetable:234 - > Generation #88, Number of conflicts #2
2023-02-12 19:08:05.296 | INFO     | core.scheduler:timetable:234 - > Generation #89, Number of conflicts #2
2023-02-12 19:08:06.319 | INFO     | core.scheduler:timetable:234 - > Generation #90, Number of conflicts #2
2023-02-12 19:08:07.359 | INFO     | core.scheduler:timetable:234 - > Generation #91, Number of conflicts #2
2023-02-12 19:08:08.366 | INFO     | core.scheduler:timetable:234 - > Generation #92, Number of conflicts #2
2023-02-12 19:08:09.420 | INFO     | core.scheduler:timetable:234 - > Generation #93, Number of conflicts #2
2023-02-12 19:08:10.514 | INFO     | core.scheduler:timetable:234 - > Generation #94, Number of conflicts #2
2023-02-12 19:08:11.531 | INFO     | core.scheduler:timetable:234 - > Generation #95, Number of conflicts #2
2023-02-12 19:08:12.537 | INFO     | core.scheduler:timetable:234 - > Generation #96, Number of conflicts #2
2023-02-12 19:08:13.556 | INFO     | core.scheduler:timetable:234 - > Generation #97, Number of conflicts #2
2023-02-12 19:08:14.561 | INFO     | core.scheduler:timetable:234 - > Generation #98, Number of conflicts #2
2023-02-12 19:08:15.583 | INFO     | core.scheduler:timetable:234 - > Generation #99, Number of conflicts #2
2023-02-12 19:08:16.611 | INFO     | core.scheduler:timetable:234 - > Generation #100, Number of conflicts #2
2023-02-12 19:08:17.592 | INFO     | core.scheduler:timetable:234 - > Generation #101, Number of conflicts #2
2023-02-12 19:08:18.674 | INFO     | core.scheduler:timetable:234 - > Generation #102, Number of conflicts #2
2023-02-12 19:08:19.698 | INFO     | core.scheduler:timetable:234 - > Generation #103, Number of conflicts #2
2023-02-12 19:08:20.753 | INFO     | core.scheduler:timetable:234 - > Generation #104, Number of conflicts #2
2023-02-12 19:08:21.773 | INFO     | core.scheduler:timetable:234 - > Generation #105, Number of conflicts #2
2023-02-12 19:08:22.810 | INFO     | core.scheduler:timetable:234 - > Generation #106, Number of conflicts #2
2023-02-12 19:08:23.812 | INFO     | core.scheduler:timetable:234 - > Generation #107, Number of conflicts #1
2023-02-12 19:08:24.817 | INFO     | core.scheduler:timetable:234 - > Generation #108, Number of conflicts #1
2023-02-12 19:08:25.815 | INFO     | core.scheduler:timetable:234 - > Generation #109, Number of conflicts #1
2023-02-12 19:08:26.809 | INFO     | core.scheduler:timetable:234 - > Generation #110, Number of conflicts #1
2023-02-12 19:08:27.832 | INFO     | core.scheduler:timetable:234 - > Generation #111, Number of conflicts #1
2023-02-12 19:08:28.837 | INFO     | core.scheduler:timetable:234 - > Generation #112, Number of conflicts #1
2023-02-12 19:08:29.900 | INFO     | core.scheduler:timetable:234 - > Generation #113, Number of conflicts #1
2023-02-12 19:08:30.928 | INFO     | core.scheduler:timetable:234 - > Generation #114, Number of conflicts #1
2023-02-12 19:08:31.966 | INFO     | core.scheduler:timetable:234 - > Generation #115, Number of conflicts #1
2023-02-12 19:08:32.972 | INFO     | core.scheduler:timetable:234 - > Generation #116, Number of conflicts #1
2023-02-12 19:08:34.000 | INFO     | core.scheduler:timetable:234 - > Generation #117, Number of conflicts #1
2023-02-12 19:08:35.000 | INFO     | core.scheduler:timetable:234 - > Generation #118, Number of conflicts #1
2023-02-12 19:08:36.036 | INFO     | core.scheduler:timetable:234 - > Generation #119, Number of conflicts #1
2023-02-12 19:08:37.015 | INFO     | core.scheduler:timetable:234 - > Generation #120, Number of conflicts #1
2023-02-12 19:08:38.009 | INFO     | core.scheduler:timetable:234 - > Generation #121, Number of conflicts #1
2023-02-12 19:08:39.090 | INFO     | core.scheduler:timetable:234 - > Generation #122, Number of conflicts #1
2023-02-12 19:08:40.115 | INFO     | core.scheduler:timetable:234 - > Generation #123, Number of conflicts #1
2023-02-12 19:08:41.123 | INFO     | core.scheduler:timetable:234 - > Generation #124, Number of conflicts #1
2023-02-12 19:08:42.166 | INFO     | core.scheduler:timetable:234 - > Generation #125, Number of conflicts #1
2023-02-12 19:08:43.176 | INFO     | core.scheduler:timetable:234 - > Generation #126, Number of conflicts #1
2023-02-12 19:08:44.286 | INFO     | core.scheduler:timetable:234 - > Generation #127, Number of conflicts #1
2023-02-12 19:08:45.345 | INFO     | core.scheduler:timetable:234 - > Generation #128, Number of conflicts #1
2023-02-12 19:08:46.606 | INFO     | core.scheduler:timetable:234 - > Generation #129, Number of conflicts #1
2023-02-12 19:08:47.789 | INFO     | core.scheduler:timetable:234 - > Generation #130, Number of conflicts #1
2023-02-12 19:08:48.882 | INFO     | core.scheduler:timetable:234 - > Generation #131, Number of conflicts #1
2023-02-12 19:08:49.923 | INFO     | core.scheduler:timetable:234 - > Generation #132, Number of conflicts #1
2023-02-12 19:08:50.988 | INFO     | core.scheduler:timetable:234 - > Generation #133, Number of conflicts #1
2023-02-12 19:08:52.121 | INFO     | core.scheduler:timetable:234 - > Generation #134, Number of conflicts #1
2023-02-12 19:08:53.233 | INFO     | core.scheduler:timetable:234 - > Generation #135, Number of conflicts #1
2023-02-12 19:08:54.488 | INFO     | core.scheduler:timetable:234 - > Generation #136, Number of conflicts #1
2023-02-12 19:08:55.754 | INFO     | core.scheduler:timetable:234 - > Generation #137, Number of conflicts #1
2023-02-12 19:08:56.790 | INFO     | core.scheduler:timetable:234 - > Generation #138, Number of conflicts #1
2023-02-12 19:08:57.906 | INFO     | core.scheduler:timetable:234 - > Generation #139, Number of conflicts #1
2023-02-12 19:08:59.055 | INFO     | core.scheduler:timetable:234 - > Generation #140, Number of conflicts #1
2023-02-12 19:09:00.208 | INFO     | core.scheduler:timetable:234 - > Generation #141, Number of conflicts #1
2023-02-12 19:09:01.320 | INFO     | core.scheduler:timetable:234 - > Generation #142, Number of conflicts #1
2023-02-12 19:09:02.373 | INFO     | core.scheduler:timetable:234 - > Generation #143, Number of conflicts #1
2023-02-12 19:09:03.470 | INFO     | core.scheduler:timetable:234 - > Generation #144, Number of conflicts #1
2023-02-12 19:09:04.714 | INFO     | core.scheduler:timetable:234 - > Generation #145, Number of conflicts #1
2023-02-12 19:09:05.903 | INFO     | core.scheduler:timetable:234 - > Generation #146, Number of conflicts #1
2023-02-12 19:09:07.236 | INFO     | core.scheduler:timetable:234 - > Generation #147, Number of conflicts #1
2023-02-12 19:09:08.497 | INFO     | core.scheduler:timetable:234 - > Generation #148, Number of conflicts #1
2023-02-12 19:09:09.704 | INFO     | core.scheduler:timetable:234 - > Generation #149, Number of conflicts #1
2023-02-12 19:09:10.808 | INFO     | core.scheduler:timetable:234 - > Generation #150, Number of conflicts #1
2023-02-12 19:09:12.094 | INFO     | core.scheduler:timetable:234 - > Generation #151, Number of conflicts #1
2023-02-12 19:09:13.169 | INFO     | core.scheduler:timetable:234 - > Generation #152, Number of conflicts #1
2023-02-12 19:09:14.228 | INFO     | core.scheduler:timetable:234 - > Generation #153, Number of conflicts #1
2023-02-12 19:09:15.340 | INFO     | core.scheduler:timetable:234 - > Generation #154, Number of conflicts #1
2023-02-12 19:09:16.491 | INFO     | core.scheduler:timetable:234 - > Generation #155, Number of conflicts #1
2023-02-12 19:09:17.588 | INFO     | core.scheduler:timetable:234 - > Generation #156, Number of conflicts #1
2023-02-12 19:09:18.714 | INFO     | core.scheduler:timetable:234 - > Generation #157, Number of conflicts #1
2023-02-12 19:09:19.753 | INFO     | core.scheduler:timetable:234 - > Generation #158, Number of conflicts #1
2023-02-12 19:09:20.763 | INFO     | core.scheduler:timetable:234 - > Generation #159, Number of conflicts #1
2023-02-12 19:09:21.807 | INFO     | core.scheduler:timetable:234 - > Generation #160, Number of conflicts #1
2023-02-12 19:09:22.862 | INFO     | core.scheduler:timetable:234 - > Generation #161, Number of conflicts #1
2023-02-12 19:09:23.904 | INFO     | core.scheduler:timetable:234 - > Generation #162, Number of conflicts #1
2023-02-12 19:09:24.915 | INFO     | core.scheduler:timetable:234 - > Generation #163, Number of conflicts #1
2023-02-12 19:09:25.999 | INFO     | core.scheduler:timetable:234 - > Generation #164, Number of conflicts #1
2023-02-12 19:09:27.000 | INFO     | core.scheduler:timetable:234 - > Generation #165, Number of conflicts #1
2023-02-12 19:09:28.033 | INFO     | core.scheduler:timetable:234 - > Generation #166, Number of conflicts #1
2023-02-12 19:09:29.145 | INFO     | core.scheduler:timetable:234 - > Generation #167, Number of conflicts #1
2023-02-12 19:09:30.187 | INFO     | core.scheduler:timetable:234 - > Generation #168, Number of conflicts #1
2023-02-12 19:09:31.207 | INFO     | core.scheduler:timetable:234 - > Generation #169, Number of conflicts #1
2023-02-12 19:09:32.232 | INFO     | core.scheduler:timetable:234 - > Generation #170, Number of conflicts #1
2023-02-12 19:09:33.236 | INFO     | core.scheduler:timetable:234 - > Generation #171, Number of conflicts #1
2023-02-12 19:09:34.293 | INFO     | core.scheduler:timetable:234 - > Generation #172, Number of conflicts #1
2023-02-12 19:09:35.419 | INFO     | core.scheduler:timetable:234 - > Generation #173, Number of conflicts #0
2023-02-12 19:09:35.482 | INFO     | core.scheduler:timetable:268 - > Schedule #1, Number of conflicts #0 
   Room         2         3         4         5         6         7
1   6A             Hoa_Ho6  Sinh_Si6    CN_CN6   Dia_Di6   Van_Va6
2   6A   The_Th6   Hoa_Ho6  Toan_To6   Van_Va6    Ly_Ly6  Toan_To6
3   6A  Toan_To6    Ly_Ly6   The_Th6   Hoa_Ho6    Ly_Ly6  Toan_To6
4   6A   Anh_An6   Van_Va6   Anh_An6    Su_Su6  Sinh_Si6  GDCD_GD6
5   6A   Tin_Ti6   Van_Va6                       Tin_Ti6          
1   6B             Van_Va6   The_Th6  Toan_To6   Van_Va6  Toan_To6
2   6B  Sinh_Si6   Van_Va6   Hoa_Ho6  GDCD_GD6   Van_Va6    Ly_Ly6
3   6B   Tin_Ti6   Anh_An6   Hoa_Ho6  Sinh_Si6   Tin_Ti6   Hoa_Ho6
4   6B    Ly_Ly6  Toan_To6    Ly_Ly6   Dia_Di6   Anh_An6   The_Th6
5   6B    CN_CN6  Toan_To6    Su_Su6                              
